2021-04-30 08:38:29,997 - DEBUG - 2
2021-04-30 08:38:29,997 - DEBUG - 0
2021-04-30 08:38:29,997 - DEBUG - 8
2021-04-30 08:38:29,997 - DEBUG - 0
2021-04-30 08:38:41,824 - DEBUG - 2
2021-04-30 08:38:41,824 - DEBUG - 0
2021-04-30 08:38:41,824 - DEBUG - 8
2021-04-30 08:38:41,824 - DEBUG - 0
2021-04-30 08:38:53,804 - DEBUG - 2
2021-04-30 08:38:53,804 - DEBUG - 0
2021-04-30 08:38:53,804 - DEBUG - 8
2021-04-30 08:38:53,804 - DEBUG - 0
2021-04-30 08:39:05,558 - DEBUG - 1
2021-04-30 08:39:05,558 - DEBUG - 16
2021-04-30 08:39:05,558 - DEBUG - 16
2021-04-30 08:39:05,558 - DEBUG - 16
2021-04-30 08:39:17,515 - DEBUG - 1
2021-04-30 08:39:17,515 - DEBUG - 16
2021-04-30 08:39:17,515 - DEBUG - 16
2021-04-30 08:39:17,515 - DEBUG - 16
2021-04-30 08:39:29,353 - DEBUG - 2
2021-04-30 08:39:29,354 - DEBUG - 0
2021-04-30 08:39:29,354 - DEBUG - 8
2021-04-30 08:39:29,354 - DEBUG - 0
2021-04-30 08:39:41,159 - DEBUG - 2
2021-04-30 08:39:41,159 - DEBUG - 0
2021-04-30 08:39:41,159 - DEBUG - 8
2021-04-30 08:39:41,159 - DEBUG - 0
2021-04-30 08:39:53,067 - DEBUG - 3
2021-04-30 08:39:53,067 - DEBUG - 6
2021-04-30 08:39:53,067 - DEBUG - 6
2021-04-30 08:39:53,068 - DEBUG - 6
2021-04-30 08:40:04,866 - DEBUG - 2
2021-04-30 08:40:04,866 - DEBUG - 0
2021-04-30 08:40:04,866 - DEBUG - 8
2021-04-30 08:40:04,866 - DEBUG - 0
2021-04-30 08:51:01,499 - chargeApp - ERROR - Read from Modbux failed
Traceback (most recent call last):
  File "/home/kerstin/Software/Coding/python_code/WallboxDataToInflux/chargeApp/readWallboxValues.py", line 19, in readWallboxValuesMain
    regs = modbusclientWallbox.read_input_registers(key)[0]
TypeError: 'NoneType' object is not subscriptable
2021-04-30 08:51:01,499 - chargeApp - ERROR - Read from Modbux failed
Traceback (most recent call last):
  File "/home/kerstin/Software/Coding/python_code/WallboxDataToInflux/chargeApp/readWallboxValues.py", line 19, in readWallboxValuesMain
    regs = modbusclientWallbox.read_input_registers(key)[0]
TypeError: 'NoneType' object is not subscriptable
2021-04-30 08:51:01,500 - chargeApp - ERROR - Read from Modbux failed
Traceback (most recent call last):
  File "/home/kerstin/Software/Coding/python_code/WallboxDataToInflux/chargeApp/readWallboxValues.py", line 19, in readWallboxValuesMain
    regs = modbusclientWallbox.read_input_registers(key)[0]
TypeError: 'NoneType' object is not subscriptable
2021-04-30 08:51:01,500 - chargeApp - ERROR - Read from Modbux failed
Traceback (most recent call last):
  File "/home/kerstin/Software/Coding/python_code/WallboxDataToInflux/chargeApp/readWallboxValues.py", line 19, in readWallboxValuesMain
    regs = modbusclientWallbox.read_input_registers(key)[0]
TypeError: 'NoneType' object is not subscriptable
2021-04-30 08:51:01,501 - chargeApp - ERROR - Read from Modbux failed
Traceback (most recent call last):
  File "/home/kerstin/Software/Coding/python_code/WallboxDataToInflux/chargeApp/readWallboxValues.py", line 19, in readWallboxValuesMain
    regs = modbusclientWallbox.read_input_registers(key)[0]
TypeError: 'NoneType' object is not subscriptable
2021-04-30 08:51:01,501 - chargeApp - ERROR - Read from Modbux failed
Traceback (most recent call last):
  File "/home/kerstin/Software/Coding/python_code/WallboxDataToInflux/chargeApp/readWallboxValues.py", line 19, in readWallboxValuesMain
    regs = modbusclientWallbox.read_input_registers(key)[0]
TypeError: 'NoneType' object is not subscriptable
2021-04-30 08:51:01,501 - chargeApp - ERROR - Read from Modbux failed
Traceback (most recent call last):
  File "/home/kerstin/Software/Coding/python_code/WallboxDataToInflux/chargeApp/readWallboxValues.py", line 19, in readWallboxValuesMain
    regs = modbusclientWallbox.read_input_registers(key)[0]
TypeError: 'NoneType' object is not subscriptable
2021-04-30 08:51:01,502 - chargeApp - ERROR - Read from Modbux failed
Traceback (most recent call last):
  File "/home/kerstin/Software/Coding/python_code/WallboxDataToInflux/chargeApp/readWallboxValues.py", line 19, in readWallboxValuesMain
    regs = modbusclientWallbox.read_input_registers(key)[0]
TypeError: 'NoneType' object is not subscriptable
2021-04-30 08:51:01,502 - chargeApp - ERROR - Read from Modbux failed
Traceback (most recent call last):
  File "/home/kerstin/Software/Coding/python_code/WallboxDataToInflux/chargeApp/readWallboxValues.py", line 19, in readWallboxValuesMain
    regs = modbusclientWallbox.read_input_registers(key)[0]
TypeError: 'NoneType' object is not subscriptable
2021-04-30 08:51:01,502 - chargeApp - ERROR - Read from Modbux failed
Traceback (most recent call last):
  File "/home/kerstin/Software/Coding/python_code/WallboxDataToInflux/chargeApp/readWallboxValues.py", line 19, in readWallboxValuesMain
    regs = modbusclientWallbox.read_input_registers(key)[0]
TypeError: 'NoneType' object is not subscriptable
2021-04-30 08:51:01,502 - chargeApp - ERROR - Read from Modbux failed
Traceback (most recent call last):
  File "/home/kerstin/Software/Coding/python_code/WallboxDataToInflux/chargeApp/readWallboxValues.py", line 19, in readWallboxValuesMain
    regs = modbusclientWallbox.read_input_registers(key)[0]
TypeError: 'NoneType' object is not subscriptable
2021-04-30 08:51:01,503 - chargeApp - ERROR - Read from Modbux failed
Traceback (most recent call last):
  File "/home/kerstin/Software/Coding/python_code/WallboxDataToInflux/chargeApp/readWallboxValues.py", line 19, in readWallboxValuesMain
    regs = modbusclientWallbox.read_input_registers(key)[0]
TypeError: 'NoneType' object is not subscriptable
2021-04-30 08:51:01,503 - chargeApp - ERROR - Read from Modbux failed
Traceback (most recent call last):
  File "/home/kerstin/Software/Coding/python_code/WallboxDataToInflux/chargeApp/readWallboxValues.py", line 19, in readWallboxValuesMain
    regs = modbusclientWallbox.read_input_registers(key)[0]
TypeError: 'NoneType' object is not subscriptable
2021-04-30 08:51:24,601 - chargeApp - ERROR - Read from Modbux failed
Traceback (most recent call last):
  File "/home/kerstin/Software/Coding/python_code/WallboxDataToInflux/chargeApp/readWallboxValues.py", line 19, in readWallboxValuesMain
    regs = modbusclientWallbox.read_input_registers(key)[0]
TypeError: 'NoneType' object is not subscriptable
2021-04-30 08:51:24,602 - chargeApp - ERROR - Read from Modbux failed
Traceback (most recent call last):
  File "/home/kerstin/Software/Coding/python_code/WallboxDataToInflux/chargeApp/readWallboxValues.py", line 19, in readWallboxValuesMain
    regs = modbusclientWallbox.read_input_registers(key)[0]
TypeError: 'NoneType' object is not subscriptable
2021-04-30 08:51:24,603 - chargeApp - ERROR - Read from Modbux failed
Traceback (most recent call last):
  File "/home/kerstin/Software/Coding/python_code/WallboxDataToInflux/chargeApp/readWallboxValues.py", line 19, in readWallboxValuesMain
    regs = modbusclientWallbox.read_input_registers(key)[0]
TypeError: 'NoneType' object is not subscriptable
2021-04-30 08:51:24,603 - chargeApp - ERROR - Read from Modbux failed
Traceback (most recent call last):
  File "/home/kerstin/Software/Coding/python_code/WallboxDataToInflux/chargeApp/readWallboxValues.py", line 19, in readWallboxValuesMain
    regs = modbusclientWallbox.read_input_registers(key)[0]
TypeError: 'NoneType' object is not subscriptable
2021-04-30 08:51:24,603 - chargeApp - ERROR - Read from Modbux failed
Traceback (most recent call last):
  File "/home/kerstin/Software/Coding/python_code/WallboxDataToInflux/chargeApp/readWallboxValues.py", line 19, in readWallboxValuesMain
    regs = modbusclientWallbox.read_input_registers(key)[0]
TypeError: 'NoneType' object is not subscriptable
2021-04-30 08:51:24,603 - chargeApp - ERROR - Read from Modbux failed
Traceback (most recent call last):
  File "/home/kerstin/Software/Coding/python_code/WallboxDataToInflux/chargeApp/readWallboxValues.py", line 19, in readWallboxValuesMain
    regs = modbusclientWallbox.read_input_registers(key)[0]
TypeError: 'NoneType' object is not subscriptable
2021-04-30 08:51:24,603 - chargeApp - ERROR - Read from Modbux failed
Traceback (most recent call last):
  File "/home/kerstin/Software/Coding/python_code/WallboxDataToInflux/chargeApp/readWallboxValues.py", line 19, in readWallboxValuesMain
    regs = modbusclientWallbox.read_input_registers(key)[0]
TypeError: 'NoneType' object is not subscriptable
2021-04-30 08:51:24,603 - chargeApp - ERROR - Read from Modbux failed
Traceback (most recent call last):
  File "/home/kerstin/Software/Coding/python_code/WallboxDataToInflux/chargeApp/readWallboxValues.py", line 19, in readWallboxValuesMain
    regs = modbusclientWallbox.read_input_registers(key)[0]
TypeError: 'NoneType' object is not subscriptable
2021-04-30 08:51:24,603 - chargeApp - ERROR - Read from Modbux failed
Traceback (most recent call last):
  File "/home/kerstin/Software/Coding/python_code/WallboxDataToInflux/chargeApp/readWallboxValues.py", line 19, in readWallboxValuesMain
    regs = modbusclientWallbox.read_input_registers(key)[0]
TypeError: 'NoneType' object is not subscriptable
2021-04-30 08:51:24,604 - chargeApp - ERROR - Read from Modbux failed
Traceback (most recent call last):
  File "/home/kerstin/Software/Coding/python_code/WallboxDataToInflux/chargeApp/readWallboxValues.py", line 19, in readWallboxValuesMain
    regs = modbusclientWallbox.read_input_registers(key)[0]
TypeError: 'NoneType' object is not subscriptable
2021-04-30 08:51:24,604 - chargeApp - ERROR - Read from Modbux failed
Traceback (most recent call last):
  File "/home/kerstin/Software/Coding/python_code/WallboxDataToInflux/chargeApp/readWallboxValues.py", line 19, in readWallboxValuesMain
    regs = modbusclientWallbox.read_input_registers(key)[0]
TypeError: 'NoneType' object is not subscriptable
2021-04-30 08:51:24,604 - chargeApp - ERROR - Read from Modbux failed
Traceback (most recent call last):
  File "/home/kerstin/Software/Coding/python_code/WallboxDataToInflux/chargeApp/readWallboxValues.py", line 19, in readWallboxValuesMain
    regs = modbusclientWallbox.read_input_registers(key)[0]
TypeError: 'NoneType' object is not subscriptable
2021-04-30 08:51:24,604 - chargeApp - ERROR - Read from Modbux failed
Traceback (most recent call last):
  File "/home/kerstin/Software/Coding/python_code/WallboxDataToInflux/chargeApp/readWallboxValues.py", line 19, in readWallboxValuesMain
    regs = modbusclientWallbox.read_input_registers(key)[0]
TypeError: 'NoneType' object is not subscriptable
2021-04-30 08:51:24,604 - chargeApp - ERROR - Read from Modbux failed
Traceback (most recent call last):
  File "/home/kerstin/Software/Coding/python_code/WallboxDataToInflux/chargeApp/readWallboxValues.py", line 19, in readWallboxValuesMain
    regs = modbusclientWallbox.read_input_registers(key)[0]
TypeError: 'NoneType' object is not subscriptable
2021-04-30 08:51:24,604 - chargeApp - ERROR - Read from Modbux failed
Traceback (most recent call last):
  File "/home/kerstin/Software/Coding/python_code/WallboxDataToInflux/chargeApp/readWallboxValues.py", line 19, in readWallboxValuesMain
    regs = modbusclientWallbox.read_input_registers(key)[0]
TypeError: 'NoneType' object is not subscriptable
2021-04-30 08:51:24,605 - chargeApp - ERROR - Read from Modbux failed
Traceback (most recent call last):
  File "/home/kerstin/Software/Coding/python_code/WallboxDataToInflux/chargeApp/readWallboxValues.py", line 19, in readWallboxValuesMain
    regs = modbusclientWallbox.read_input_registers(key)[0]
TypeError: 'NoneType' object is not subscriptable
2021-04-30 08:52:39,401 - chargeApp - DEBUG - availChargeCurrent_A: 0
2021-04-30 08:52:39,401 - chargeApp - DEBUG - maxAvailChargeCurrent_A: 8
2021-04-30 08:52:39,401 - chargeApp - DEBUG - maxCurTarVal: 0
2021-04-30 08:52:51,257 - chargeApp - DEBUG - availChargeCurrent_A: 0
2021-04-30 08:52:51,257 - chargeApp - DEBUG - maxAvailChargeCurrent_A: 8
2021-04-30 08:52:51,257 - chargeApp - DEBUG - maxCurTarVal: 0
2021-04-30 08:53:09,628 - chargeApp - DEBUG - mode: 2
2021-04-30 08:53:09,628 - chargeApp - DEBUG - availChargeCurrent_A: 0
2021-04-30 08:53:09,628 - chargeApp - DEBUG - maxAvailChargeCurrent_A: 8
2021-04-30 08:53:09,628 - chargeApp - DEBUG - maxCurTarVal: 0
2021-04-30 12:10:36,324 - chargeApp - DEBUG - ChargingState: 2
2021-04-30 12:10:36,374 - chargeApp - DEBUG - L1_Current_A: 0
2021-04-30 12:10:36,410 - chargeApp - DEBUG - L2_Current_A: 0
2021-04-30 12:10:36,444 - chargeApp - DEBUG - L3_Current_A: 0
2021-04-30 12:10:36,478 - chargeApp - DEBUG - PCB_Temperatur_dC: 202
2021-04-30 12:10:36,511 - chargeApp - DEBUG - L1_Voltage_V: 232
2021-04-30 12:10:36,543 - chargeApp - DEBUG - L2_Voltage_V: 234
2021-04-30 12:10:36,579 - chargeApp - DEBUG - L3_Voltage_V: 236
2021-04-30 12:10:36,614 - chargeApp - DEBUG - Extern_lock_state: 1
2021-04-30 12:10:36,650 - chargeApp - DEBUG - ChargePower_W: 0
2021-04-30 12:10:36,687 - chargeApp - DEBUG - Energy_since_PowerON_highbyte_Wh: 0
2021-04-30 12:10:36,723 - chargeApp - DEBUG - Energy_since_PowerON_lowbyte_Wh: 0
2021-04-30 12:10:36,755 - chargeApp - DEBUG - Energy_since_installation_highbyte_Wh: 0
2021-04-30 12:10:36,786 - chargeApp - DEBUG - Energy_since_installation_lowbyte_Wh: 1799
2021-04-30 12:10:36,818 - chargeApp - DEBUG - HW_config_max_current_A: 16
2021-04-30 12:10:36,852 - chargeApp - DEBUG - HW_config_min_current_A: 6
2021-04-30 12:10:36,886 - chargeApp - DEBUG - Watchdog_Timeout_ms: 15000
2021-04-30 12:10:36,924 - chargeApp - DEBUG - Remote_Lock_State: 1
2021-04-30 12:10:36,956 - chargeApp - DEBUG - Max_Current_Command_A: 0
2021-04-30 12:10:36,989 - chargeApp - DEBUG - Failsafe_Current_A: 60
2021-04-30 12:10:38,032 - chargeApp - DEBUG - mode: 2
2021-04-30 12:10:38,032 - chargeApp - DEBUG - availChargeCurrent_A: 0
2021-04-30 12:10:38,032 - chargeApp - DEBUG - maxAvailChargeCurrent_A: 8
2021-04-30 12:10:38,032 - chargeApp - DEBUG - maxCurTarVal: 0
2021-04-30 12:10:48,253 - chargeApp - DEBUG - ChargingState: 2
2021-04-30 12:10:48,287 - chargeApp - DEBUG - L1_Current_A: 0
2021-04-30 12:10:48,323 - chargeApp - DEBUG - L2_Current_A: 0
2021-04-30 12:10:48,359 - chargeApp - DEBUG - L3_Current_A: 0
2021-04-30 12:10:48,383 - chargeApp - DEBUG - PCB_Temperatur_dC: 202
2021-04-30 12:10:48,405 - chargeApp - DEBUG - L1_Voltage_V: 232
2021-04-30 12:10:48,427 - chargeApp - DEBUG - L2_Voltage_V: 234
2021-04-30 12:10:48,460 - chargeApp - DEBUG - L3_Voltage_V: 236
2021-04-30 12:10:48,491 - chargeApp - DEBUG - Extern_lock_state: 1
2021-04-30 12:10:48,520 - chargeApp - DEBUG - ChargePower_W: 0
2021-04-30 12:10:48,559 - chargeApp - DEBUG - Energy_since_PowerON_highbyte_Wh: 0
2021-04-30 12:10:48,588 - chargeApp - DEBUG - Energy_since_PowerON_lowbyte_Wh: 0
2021-04-30 12:10:48,621 - chargeApp - DEBUG - Energy_since_installation_highbyte_Wh: 0
2021-04-30 12:10:48,652 - chargeApp - DEBUG - Energy_since_installation_lowbyte_Wh: 1799
2021-04-30 12:10:48,683 - chargeApp - DEBUG - HW_config_max_current_A: 16
2021-04-30 12:10:48,714 - chargeApp - DEBUG - HW_config_min_current_A: 6
2021-04-30 12:10:48,741 - chargeApp - DEBUG - Watchdog_Timeout_ms: 15000
2021-04-30 12:10:48,764 - chargeApp - DEBUG - Remote_Lock_State: 1
2021-04-30 12:10:48,793 - chargeApp - DEBUG - Max_Current_Command_A: 0
2021-04-30 12:10:48,823 - chargeApp - DEBUG - Failsafe_Current_A: 60
2021-04-30 12:10:49,930 - chargeApp - DEBUG - mode: 2
2021-04-30 12:10:49,930 - chargeApp - DEBUG - availChargeCurrent_A: 0
2021-04-30 12:10:49,931 - chargeApp - DEBUG - maxAvailChargeCurrent_A: 8
2021-04-30 12:10:49,931 - chargeApp - DEBUG - maxCurTarVal: 0
2021-04-30 12:57:51,491 - chargeApp - DEBUG - ChargingState: 2
2021-04-30 12:57:51,532 - chargeApp - DEBUG - L1_Current_A: 0
2021-04-30 12:57:51,562 - chargeApp - DEBUG - L2_Current_A: 0
2021-04-30 12:57:51,591 - chargeApp - DEBUG - L3_Current_A: 0
2021-04-30 12:57:51,622 - chargeApp - DEBUG - PCB_Temperatur_dC: 212
2021-04-30 12:57:51,651 - chargeApp - DEBUG - L1_Voltage_V: 232
2021-04-30 12:57:51,681 - chargeApp - DEBUG - L2_Voltage_V: 234
2021-04-30 12:57:51,713 - chargeApp - DEBUG - L3_Voltage_V: 234
2021-04-30 12:57:51,742 - chargeApp - DEBUG - Extern_lock_state: 1
2021-04-30 12:57:51,771 - chargeApp - DEBUG - ChargePower_W: 0
2021-04-30 12:57:51,800 - chargeApp - DEBUG - Energy_since_PowerON_highbyte_Wh: 0
2021-04-30 12:57:51,831 - chargeApp - DEBUG - Energy_since_PowerON_lowbyte_Wh: 0
2021-04-30 12:57:51,860 - chargeApp - DEBUG - Energy_since_installation_highbyte_Wh: 0
2021-04-30 12:57:51,890 - chargeApp - DEBUG - Energy_since_installation_lowbyte_Wh: 1799
2021-04-30 12:57:51,919 - chargeApp - DEBUG - HW_config_max_current_A: 16
2021-04-30 12:57:51,948 - chargeApp - DEBUG - HW_config_min_current_A: 6
2021-04-30 12:57:51,984 - chargeApp - DEBUG - Watchdog_Timeout_ms: 15000
2021-04-30 12:57:52,006 - chargeApp - DEBUG - Remote_Lock_State: 1
2021-04-30 12:57:52,027 - chargeApp - DEBUG - Max_Current_Command_A: 0
2021-04-30 12:57:52,051 - chargeApp - DEBUG - Failsafe_Current_A: 60
2021-04-30 12:57:53,153 - chargeApp - DEBUG - mode: 2
2021-04-30 12:57:53,153 - chargeApp - DEBUG - availChargeCurrent_A: 0
2021-04-30 12:57:53,153 - chargeApp - DEBUG - maxAvailChargeCurrent_A: 8
2021-04-30 12:57:53,153 - chargeApp - DEBUG - maxCurTarVal: 0
2021-04-30 12:57:53,156 - chargeApp - DEBUG - chargingState: oldVal: 7, new Val: 2
2021-04-30 12:57:53,156 - chargeApp - DEBUG - chargingstate change: False
2021-04-30 12:58:03,806 - chargeApp - DEBUG - ChargingState: 2
2021-04-30 12:58:03,838 - chargeApp - DEBUG - L1_Current_A: 0
2021-04-30 12:58:03,866 - chargeApp - DEBUG - L2_Current_A: 0
2021-04-30 12:58:03,906 - chargeApp - DEBUG - L3_Current_A: 0
2021-04-30 12:58:03,929 - chargeApp - DEBUG - PCB_Temperatur_dC: 212
2021-04-30 12:58:03,953 - chargeApp - DEBUG - L1_Voltage_V: 233
2021-04-30 12:58:03,984 - chargeApp - DEBUG - L2_Voltage_V: 233
2021-04-30 12:58:04,008 - chargeApp - DEBUG - L3_Voltage_V: 234
2021-04-30 12:58:04,042 - chargeApp - DEBUG - Extern_lock_state: 1
2021-04-30 12:58:04,067 - chargeApp - DEBUG - ChargePower_W: 0
2021-04-30 12:58:04,105 - chargeApp - DEBUG - Energy_since_PowerON_highbyte_Wh: 0
2021-04-30 12:58:04,134 - chargeApp - DEBUG - Energy_since_PowerON_lowbyte_Wh: 0
2021-04-30 12:58:04,171 - chargeApp - DEBUG - Energy_since_installation_highbyte_Wh: 0
2021-04-30 12:58:04,206 - chargeApp - DEBUG - Energy_since_installation_lowbyte_Wh: 1799
2021-04-30 12:58:04,236 - chargeApp - DEBUG - HW_config_max_current_A: 16
2021-04-30 12:58:04,272 - chargeApp - DEBUG - HW_config_min_current_A: 6
2021-04-30 12:58:04,311 - chargeApp - DEBUG - Watchdog_Timeout_ms: 15000
2021-04-30 12:58:04,341 - chargeApp - DEBUG - Remote_Lock_State: 1
2021-04-30 12:58:04,378 - chargeApp - DEBUG - Max_Current_Command_A: 0
2021-04-30 12:58:04,412 - chargeApp - DEBUG - Failsafe_Current_A: 60
2021-04-30 12:58:05,479 - chargeApp - DEBUG - mode: 2
2021-04-30 12:58:05,479 - chargeApp - DEBUG - availChargeCurrent_A: 0
2021-04-30 12:58:05,479 - chargeApp - DEBUG - maxAvailChargeCurrent_A: 8
2021-04-30 12:58:05,479 - chargeApp - DEBUG - maxCurTarVal: 0
2021-04-30 12:58:05,481 - chargeApp - DEBUG - chargingState: oldVal: 2, new Val: 2
2021-04-30 12:58:05,481 - chargeApp - DEBUG - chargingstate change: False
2021-04-30 12:58:15,557 - chargeApp - DEBUG - ChargingState: 2
2021-04-30 12:58:15,588 - chargeApp - DEBUG - L1_Current_A: 0
2021-04-30 12:58:15,614 - chargeApp - DEBUG - L2_Current_A: 0
2021-04-30 12:58:15,641 - chargeApp - DEBUG - L3_Current_A: 0
2021-04-30 12:58:15,674 - chargeApp - DEBUG - PCB_Temperatur_dC: 212
2021-04-30 12:58:15,715 - chargeApp - DEBUG - L1_Voltage_V: 233
2021-04-30 12:58:15,750 - chargeApp - DEBUG - L2_Voltage_V: 233
2021-04-30 12:58:15,806 - chargeApp - DEBUG - L3_Voltage_V: 234
2021-04-30 12:58:15,836 - chargeApp - DEBUG - Extern_lock_state: 1
2021-04-30 12:58:15,865 - chargeApp - DEBUG - ChargePower_W: 0
2021-04-30 12:58:15,895 - chargeApp - DEBUG - Energy_since_PowerON_highbyte_Wh: 0
2021-04-30 12:58:15,922 - chargeApp - DEBUG - Energy_since_PowerON_lowbyte_Wh: 0
2021-04-30 12:58:15,953 - chargeApp - DEBUG - Energy_since_installation_highbyte_Wh: 0
2021-04-30 12:58:15,983 - chargeApp - DEBUG - Energy_since_installation_lowbyte_Wh: 1799
2021-04-30 12:58:16,012 - chargeApp - DEBUG - HW_config_max_current_A: 16
2021-04-30 12:58:16,048 - chargeApp - DEBUG - HW_config_min_current_A: 6
2021-04-30 12:58:16,084 - chargeApp - DEBUG - Watchdog_Timeout_ms: 15000
2021-04-30 12:58:16,115 - chargeApp - DEBUG - Remote_Lock_State: 1
2021-04-30 12:58:16,151 - chargeApp - DEBUG - Max_Current_Command_A: 0
2021-04-30 12:58:16,186 - chargeApp - DEBUG - Failsafe_Current_A: 60
2021-04-30 12:58:17,265 - chargeApp - DEBUG - mode: 2
2021-04-30 12:58:17,265 - chargeApp - DEBUG - availChargeCurrent_A: 0
2021-04-30 12:58:17,265 - chargeApp - DEBUG - maxAvailChargeCurrent_A: 8
2021-04-30 12:58:17,265 - chargeApp - DEBUG - maxCurTarVal: 0
2021-04-30 12:58:17,267 - chargeApp - DEBUG - chargingState: oldVal: 2, new Val: 2
2021-04-30 12:58:17,267 - chargeApp - DEBUG - chargingstate change: False
2021-04-30 12:58:27,443 - chargeApp - DEBUG - ChargingState: 2
2021-04-30 12:58:27,483 - chargeApp - DEBUG - L1_Current_A: 0
2021-04-30 12:58:27,518 - chargeApp - DEBUG - L2_Current_A: 0
2021-04-30 12:58:27,554 - chargeApp - DEBUG - L3_Current_A: 0
2021-04-30 12:58:27,584 - chargeApp - DEBUG - PCB_Temperatur_dC: 212
2021-04-30 12:58:27,628 - chargeApp - DEBUG - L1_Voltage_V: 233
2021-04-30 12:58:27,656 - chargeApp - DEBUG - L2_Voltage_V: 234
2021-04-30 12:58:27,680 - chargeApp - DEBUG - L3_Voltage_V: 234
2021-04-30 12:58:27,768 - chargeApp - DEBUG - Extern_lock_state: 1
2021-04-30 12:58:27,800 - chargeApp - DEBUG - ChargePower_W: 0
2021-04-30 12:58:27,844 - chargeApp - DEBUG - Energy_since_PowerON_highbyte_Wh: 0
2021-04-30 12:58:27,877 - chargeApp - DEBUG - Energy_since_PowerON_lowbyte_Wh: 0
2021-04-30 12:58:27,909 - chargeApp - DEBUG - Energy_since_installation_highbyte_Wh: 0
2021-04-30 12:58:27,944 - chargeApp - DEBUG - Energy_since_installation_lowbyte_Wh: 1799
2021-04-30 12:58:27,977 - chargeApp - DEBUG - HW_config_max_current_A: 16
2021-04-30 12:58:28,008 - chargeApp - DEBUG - HW_config_min_current_A: 6
2021-04-30 12:58:28,048 - chargeApp - DEBUG - Watchdog_Timeout_ms: 15000
2021-04-30 12:58:28,085 - chargeApp - DEBUG - Remote_Lock_State: 1
2021-04-30 12:58:28,116 - chargeApp - DEBUG - Max_Current_Command_A: 0
2021-04-30 12:58:28,149 - chargeApp - DEBUG - Failsafe_Current_A: 60
2021-04-30 12:58:29,248 - chargeApp - DEBUG - mode: 2
2021-04-30 12:58:29,248 - chargeApp - DEBUG - availChargeCurrent_A: 0
2021-04-30 12:58:29,248 - chargeApp - DEBUG - maxAvailChargeCurrent_A: 8
2021-04-30 12:58:29,248 - chargeApp - DEBUG - maxCurTarVal: 0
2021-04-30 12:58:29,251 - chargeApp - DEBUG - chargingState: oldVal: 5, new Val: 2
2021-04-30 12:58:29,251 - chargeApp - DEBUG - chargingstate change: False
2021-04-30 12:58:39,499 - chargeApp - DEBUG - ChargingState: 2
2021-04-30 12:58:40,158 - chargeApp - DEBUG - L1_Current_A: 0
2021-04-30 12:58:40,191 - chargeApp - DEBUG - L2_Current_A: 0
2021-04-30 12:58:40,231 - chargeApp - DEBUG - L3_Current_A: 0
2021-04-30 12:58:40,267 - chargeApp - DEBUG - PCB_Temperatur_dC: 212
2021-04-30 12:58:40,310 - chargeApp - DEBUG - L1_Voltage_V: 233
2021-04-30 12:58:40,341 - chargeApp - DEBUG - L2_Voltage_V: 234
2021-04-30 12:58:40,369 - chargeApp - DEBUG - L3_Voltage_V: 234
2021-04-30 12:58:40,399 - chargeApp - DEBUG - Extern_lock_state: 1
2021-04-30 12:58:40,435 - chargeApp - DEBUG - ChargePower_W: 0
2021-04-30 12:58:40,463 - chargeApp - DEBUG - Energy_since_PowerON_highbyte_Wh: 0
2021-04-30 12:58:40,494 - chargeApp - DEBUG - Energy_since_PowerON_lowbyte_Wh: 0
2021-04-30 12:58:40,523 - chargeApp - DEBUG - Energy_since_installation_highbyte_Wh: 0
2021-04-30 12:58:40,558 - chargeApp - DEBUG - Energy_since_installation_lowbyte_Wh: 1799
2021-04-30 12:58:40,587 - chargeApp - DEBUG - HW_config_max_current_A: 16
2021-04-30 12:58:40,625 - chargeApp - DEBUG - HW_config_min_current_A: 6
2021-04-30 12:58:40,660 - chargeApp - DEBUG - Watchdog_Timeout_ms: 15000
2021-04-30 12:58:40,689 - chargeApp - DEBUG - Remote_Lock_State: 1
2021-04-30 12:58:40,717 - chargeApp - DEBUG - Max_Current_Command_A: 0
2021-04-30 12:58:40,746 - chargeApp - DEBUG - Failsafe_Current_A: 60
2021-04-30 12:58:41,827 - chargeApp - DEBUG - mode: 2
2021-04-30 12:58:41,827 - chargeApp - DEBUG - availChargeCurrent_A: 0
2021-04-30 12:58:41,827 - chargeApp - DEBUG - maxAvailChargeCurrent_A: 8
2021-04-30 12:58:41,827 - chargeApp - DEBUG - maxCurTarVal: 0
2021-04-30 12:58:41,829 - chargeApp - DEBUG - chargingState: oldVal: 2, new Val: 2
2021-04-30 12:58:41,829 - chargeApp - DEBUG - chargingstate change: False
2021-04-30 12:58:52,633 - chargeApp - DEBUG - ChargingState: 2
2021-04-30 12:58:52,648 - chargeApp - ERROR - Read from Modbux failed
Traceback (most recent call last):
  File "/home/kerstin/Software/Coding/python_code/WallboxDataToInflux/chargeApp/readWallboxValues.py", line 19, in readWallboxValuesMain
    regs = modbusclientWallbox.read_input_registers(key)[0]
TypeError: 'NoneType' object is not subscriptable
2021-04-30 12:58:52,650 - chargeApp - ERROR - Read from Modbux failed
Traceback (most recent call last):
  File "/home/kerstin/Software/Coding/python_code/WallboxDataToInflux/chargeApp/readWallboxValues.py", line 19, in readWallboxValuesMain
    regs = modbusclientWallbox.read_input_registers(key)[0]
TypeError: 'NoneType' object is not subscriptable
2021-04-30 12:58:52,650 - chargeApp - ERROR - Read from Modbux failed
Traceback (most recent call last):
  File "/home/kerstin/Software/Coding/python_code/WallboxDataToInflux/chargeApp/readWallboxValues.py", line 19, in readWallboxValuesMain
    regs = modbusclientWallbox.read_input_registers(key)[0]
TypeError: 'NoneType' object is not subscriptable
2021-04-30 12:58:52,651 - chargeApp - ERROR - Read from Modbux failed
Traceback (most recent call last):
  File "/home/kerstin/Software/Coding/python_code/WallboxDataToInflux/chargeApp/readWallboxValues.py", line 19, in readWallboxValuesMain
    regs = modbusclientWallbox.read_input_registers(key)[0]
TypeError: 'NoneType' object is not subscriptable
2021-04-30 12:58:52,651 - chargeApp - ERROR - Read from Modbux failed
Traceback (most recent call last):
  File "/home/kerstin/Software/Coding/python_code/WallboxDataToInflux/chargeApp/readWallboxValues.py", line 19, in readWallboxValuesMain
    regs = modbusclientWallbox.read_input_registers(key)[0]
TypeError: 'NoneType' object is not subscriptable
2021-04-30 12:58:52,652 - chargeApp - ERROR - Read from Modbux failed
Traceback (most recent call last):
  File "/home/kerstin/Software/Coding/python_code/WallboxDataToInflux/chargeApp/readWallboxValues.py", line 19, in readWallboxValuesMain
    regs = modbusclientWallbox.read_input_registers(key)[0]
TypeError: 'NoneType' object is not subscriptable
2021-04-30 12:58:52,652 - chargeApp - ERROR - Read from Modbux failed
Traceback (most recent call last):
  File "/home/kerstin/Software/Coding/python_code/WallboxDataToInflux/chargeApp/readWallboxValues.py", line 19, in readWallboxValuesMain
    regs = modbusclientWallbox.read_input_registers(key)[0]
TypeError: 'NoneType' object is not subscriptable
2021-04-30 12:58:52,653 - chargeApp - ERROR - Read from Modbux failed
Traceback (most recent call last):
  File "/home/kerstin/Software/Coding/python_code/WallboxDataToInflux/chargeApp/readWallboxValues.py", line 19, in readWallboxValuesMain
    regs = modbusclientWallbox.read_input_registers(key)[0]
TypeError: 'NoneType' object is not subscriptable
2021-04-30 12:58:52,653 - chargeApp - ERROR - Read from Modbux failed
Traceback (most recent call last):
  File "/home/kerstin/Software/Coding/python_code/WallboxDataToInflux/chargeApp/readWallboxValues.py", line 19, in readWallboxValuesMain
    regs = modbusclientWallbox.read_input_registers(key)[0]
TypeError: 'NoneType' object is not subscriptable
2021-04-30 12:58:52,654 - chargeApp - ERROR - Read from Modbux failed
Traceback (most recent call last):
  File "/home/kerstin/Software/Coding/python_code/WallboxDataToInflux/chargeApp/readWallboxValues.py", line 19, in readWallboxValuesMain
    regs = modbusclientWallbox.read_input_registers(key)[0]
TypeError: 'NoneType' object is not subscriptable
2021-04-30 12:58:52,654 - chargeApp - ERROR - Read from Modbux failed
Traceback (most recent call last):
  File "/home/kerstin/Software/Coding/python_code/WallboxDataToInflux/chargeApp/readWallboxValues.py", line 19, in readWallboxValuesMain
    regs = modbusclientWallbox.read_input_registers(key)[0]
TypeError: 'NoneType' object is not subscriptable
2021-04-30 12:58:52,654 - chargeApp - ERROR - Read from Modbux failed
Traceback (most recent call last):
  File "/home/kerstin/Software/Coding/python_code/WallboxDataToInflux/chargeApp/readWallboxValues.py", line 19, in readWallboxValuesMain
    regs = modbusclientWallbox.read_input_registers(key)[0]
TypeError: 'NoneType' object is not subscriptable
2021-04-30 12:58:52,655 - chargeApp - ERROR - Read from Modbux failed
Traceback (most recent call last):
  File "/home/kerstin/Software/Coding/python_code/WallboxDataToInflux/chargeApp/readWallboxValues.py", line 19, in readWallboxValuesMain
    regs = modbusclientWallbox.read_input_registers(key)[0]
TypeError: 'NoneType' object is not subscriptable
2021-04-30 12:58:52,655 - chargeApp - ERROR - Read from Modbux failed
Traceback (most recent call last):
  File "/home/kerstin/Software/Coding/python_code/WallboxDataToInflux/chargeApp/readWallboxValues.py", line 19, in readWallboxValuesMain
    regs = modbusclientWallbox.read_input_registers(key)[0]
TypeError: 'NoneType' object is not subscriptable
2021-04-30 12:58:52,656 - chargeApp - ERROR - Read from Modbux failed
Traceback (most recent call last):
  File "/home/kerstin/Software/Coding/python_code/WallboxDataToInflux/chargeApp/readWallboxValues.py", line 19, in readWallboxValuesMain
    regs = modbusclientWallbox.read_input_registers(key)[0]
TypeError: 'NoneType' object is not subscriptable
2021-04-30 12:58:53,733 - chargeApp - DEBUG - mode: 2
2021-04-30 12:58:53,733 - chargeApp - DEBUG - availChargeCurrent_A: 0
2021-04-30 12:58:53,733 - chargeApp - DEBUG - maxAvailChargeCurrent_A: 8
2021-04-30 12:58:53,733 - chargeApp - DEBUG - maxCurTarVal: 0
2021-04-30 12:58:53,736 - chargeApp - DEBUG - chargingState: oldVal: 2, new Val: 2
2021-04-30 12:58:53,736 - chargeApp - DEBUG - chargingstate change: False
2021-04-30 12:59:03,827 - chargeApp - DEBUG - ChargingState: 2
2021-04-30 12:59:03,871 - chargeApp - DEBUG - L1_Current_A: 0
2021-04-30 12:59:03,906 - chargeApp - DEBUG - L2_Current_A: 0
2021-04-30 12:59:03,936 - chargeApp - DEBUG - L3_Current_A: 0
2021-04-30 12:59:03,973 - chargeApp - DEBUG - PCB_Temperatur_dC: 212
2021-04-30 12:59:04,007 - chargeApp - DEBUG - L1_Voltage_V: 234
2021-04-30 12:59:04,031 - chargeApp - DEBUG - L2_Voltage_V: 234
2021-04-30 12:59:04,059 - chargeApp - DEBUG - L3_Voltage_V: 234
2021-04-30 12:59:04,110 - chargeApp - DEBUG - Extern_lock_state: 1
2021-04-30 12:59:04,140 - chargeApp - DEBUG - ChargePower_W: 0
2021-04-30 12:59:04,168 - chargeApp - DEBUG - Energy_since_PowerON_highbyte_Wh: 0
2021-04-30 12:59:04,199 - chargeApp - DEBUG - Energy_since_PowerON_lowbyte_Wh: 0
2021-04-30 12:59:04,230 - chargeApp - DEBUG - Energy_since_installation_highbyte_Wh: 0
2021-04-30 12:59:04,262 - chargeApp - DEBUG - Energy_since_installation_lowbyte_Wh: 1799
2021-04-30 12:59:04,301 - chargeApp - DEBUG - HW_config_max_current_A: 16
2021-04-30 12:59:04,340 - chargeApp - DEBUG - HW_config_min_current_A: 6
2021-04-30 12:59:04,384 - chargeApp - DEBUG - Watchdog_Timeout_ms: 15000
2021-04-30 12:59:04,417 - chargeApp - DEBUG - Remote_Lock_State: 1
2021-04-30 12:59:04,450 - chargeApp - DEBUG - Max_Current_Command_A: 0
2021-04-30 12:59:04,484 - chargeApp - DEBUG - Failsafe_Current_A: 60
2021-04-30 12:59:05,560 - chargeApp - DEBUG - mode: 2
2021-04-30 12:59:05,560 - chargeApp - DEBUG - availChargeCurrent_A: 0
2021-04-30 12:59:05,560 - chargeApp - DEBUG - maxAvailChargeCurrent_A: 8
2021-04-30 12:59:05,560 - chargeApp - DEBUG - maxCurTarVal: 0
2021-04-30 12:59:05,562 - chargeApp - DEBUG - chargingState: oldVal: 5, new Val: 2
2021-04-30 12:59:05,562 - chargeApp - DEBUG - chargingstate change: False
2021-04-30 12:59:16,473 - chargeApp - DEBUG - ChargingState: 2
2021-04-30 12:59:16,670 - chargeApp - DEBUG - L1_Current_A: 0
2021-04-30 12:59:16,708 - chargeApp - DEBUG - L2_Current_A: 0
2021-04-30 12:59:16,738 - chargeApp - DEBUG - L3_Current_A: 0
2021-04-30 12:59:16,772 - chargeApp - DEBUG - PCB_Temperatur_dC: 212
2021-04-30 12:59:16,814 - chargeApp - DEBUG - L1_Voltage_V: 234
2021-04-30 12:59:16,848 - chargeApp - DEBUG - L2_Voltage_V: 234
2021-04-30 12:59:16,877 - chargeApp - DEBUG - L3_Voltage_V: 234
2021-04-30 12:59:16,910 - chargeApp - DEBUG - Extern_lock_state: 1
2021-04-30 12:59:16,938 - chargeApp - DEBUG - ChargePower_W: 0
2021-04-30 12:59:16,978 - chargeApp - DEBUG - Energy_since_PowerON_highbyte_Wh: 0
2021-04-30 12:59:17,013 - chargeApp - DEBUG - Energy_since_PowerON_lowbyte_Wh: 0
2021-04-30 12:59:17,042 - chargeApp - DEBUG - Energy_since_installation_highbyte_Wh: 0
2021-04-30 12:59:17,072 - chargeApp - DEBUG - Energy_since_installation_lowbyte_Wh: 1799
2021-04-30 12:59:17,100 - chargeApp - DEBUG - HW_config_max_current_A: 16
2021-04-30 12:59:17,131 - chargeApp - DEBUG - HW_config_min_current_A: 6
2021-04-30 12:59:17,159 - chargeApp - DEBUG - Watchdog_Timeout_ms: 15000
2021-04-30 12:59:17,189 - chargeApp - DEBUG - Remote_Lock_State: 1
2021-04-30 12:59:17,220 - chargeApp - DEBUG - Max_Current_Command_A: 0
2021-04-30 12:59:18,293 - chargeApp - DEBUG - mode: 2
2021-04-30 12:59:18,293 - chargeApp - DEBUG - availChargeCurrent_A: 0
2021-04-30 12:59:18,293 - chargeApp - DEBUG - maxAvailChargeCurrent_A: 8
2021-04-30 12:59:18,294 - chargeApp - DEBUG - maxCurTarVal: 0
2021-04-30 12:59:18,296 - chargeApp - DEBUG - chargingState: oldVal: 2, new Val: 2
2021-04-30 12:59:18,296 - chargeApp - DEBUG - chargingstate change: False
2021-04-30 12:59:28,473 - chargeApp - DEBUG - ChargingState: 2
2021-04-30 12:59:28,508 - chargeApp - DEBUG - L1_Current_A: 0
2021-04-30 12:59:28,552 - chargeApp - DEBUG - L2_Current_A: 0
2021-04-30 12:59:28,580 - chargeApp - DEBUG - L3_Current_A: 0
2021-04-30 12:59:28,626 - chargeApp - DEBUG - PCB_Temperatur_dC: 212
2021-04-30 12:59:28,653 - chargeApp - DEBUG - L1_Voltage_V: 234
2021-04-30 12:59:28,685 - chargeApp - DEBUG - L2_Voltage_V: 234
2021-04-30 12:59:28,714 - chargeApp - DEBUG - L3_Voltage_V: 235
2021-04-30 12:59:28,746 - chargeApp - DEBUG - Extern_lock_state: 1
2021-04-30 12:59:28,775 - chargeApp - DEBUG - ChargePower_W: 0
2021-04-30 12:59:28,804 - chargeApp - DEBUG - Energy_since_PowerON_highbyte_Wh: 0
2021-04-30 12:59:28,841 - chargeApp - DEBUG - Energy_since_PowerON_lowbyte_Wh: 0
2021-04-30 12:59:28,872 - chargeApp - DEBUG - Energy_since_installation_highbyte_Wh: 0
2021-04-30 12:59:28,904 - chargeApp - DEBUG - Energy_since_installation_lowbyte_Wh: 1799
2021-04-30 12:59:28,934 - chargeApp - DEBUG - HW_config_max_current_A: 16
2021-04-30 12:59:28,965 - chargeApp - DEBUG - HW_config_min_current_A: 6
2021-04-30 12:59:28,995 - chargeApp - DEBUG - Watchdog_Timeout_ms: 15000
2021-04-30 12:59:29,026 - chargeApp - DEBUG - Remote_Lock_State: 1
2021-04-30 12:59:29,061 - chargeApp - DEBUG - Max_Current_Command_A: 0
2021-04-30 12:59:29,096 - chargeApp - DEBUG - Failsafe_Current_A: 60
2021-04-30 12:59:30,189 - chargeApp - DEBUG - mode: 2
2021-04-30 12:59:30,189 - chargeApp - DEBUG - availChargeCurrent_A: 0
2021-04-30 12:59:30,189 - chargeApp - DEBUG - maxAvailChargeCurrent_A: 8
2021-04-30 12:59:30,189 - chargeApp - DEBUG - maxCurTarVal: 0
2021-04-30 12:59:30,192 - chargeApp - DEBUG - chargingState: oldVal: 2, new Val: 2
2021-04-30 12:59:30,192 - chargeApp - DEBUG - chargingstate change: False
2021-04-30 12:59:40,250 - chargeApp - ERROR - Read from Modbux failed
Traceback (most recent call last):
  File "/home/kerstin/Software/Coding/python_code/WallboxDataToInflux/chargeApp/readWallboxValues.py", line 19, in readWallboxValuesMain
    regs = modbusclientWallbox.read_input_registers(key)[0]
TypeError: 'NoneType' object is not subscriptable
2021-04-30 12:59:40,251 - chargeApp - ERROR - Read from Modbux failed
Traceback (most recent call last):
  File "/home/kerstin/Software/Coding/python_code/WallboxDataToInflux/chargeApp/readWallboxValues.py", line 19, in readWallboxValuesMain
    regs = modbusclientWallbox.read_input_registers(key)[0]
TypeError: 'NoneType' object is not subscriptable
2021-04-30 12:59:40,252 - chargeApp - ERROR - Read from Modbux failed
Traceback (most recent call last):
  File "/home/kerstin/Software/Coding/python_code/WallboxDataToInflux/chargeApp/readWallboxValues.py", line 19, in readWallboxValuesMain
    regs = modbusclientWallbox.read_input_registers(key)[0]
TypeError: 'NoneType' object is not subscriptable
2021-04-30 12:59:40,253 - chargeApp - ERROR - Read from Modbux failed
Traceback (most recent call last):
  File "/home/kerstin/Software/Coding/python_code/WallboxDataToInflux/chargeApp/readWallboxValues.py", line 19, in readWallboxValuesMain
    regs = modbusclientWallbox.read_input_registers(key)[0]
TypeError: 'NoneType' object is not subscriptable
2021-04-30 12:59:40,253 - chargeApp - ERROR - Read from Modbux failed
Traceback (most recent call last):
  File "/home/kerstin/Software/Coding/python_code/WallboxDataToInflux/chargeApp/readWallboxValues.py", line 19, in readWallboxValuesMain
    regs = modbusclientWallbox.read_input_registers(key)[0]
TypeError: 'NoneType' object is not subscriptable
2021-04-30 12:59:40,254 - chargeApp - ERROR - Read from Modbux failed
Traceback (most recent call last):
  File "/home/kerstin/Software/Coding/python_code/WallboxDataToInflux/chargeApp/readWallboxValues.py", line 19, in readWallboxValuesMain
    regs = modbusclientWallbox.read_input_registers(key)[0]
TypeError: 'NoneType' object is not subscriptable
2021-04-30 12:59:40,254 - chargeApp - ERROR - Read from Modbux failed
Traceback (most recent call last):
  File "/home/kerstin/Software/Coding/python_code/WallboxDataToInflux/chargeApp/readWallboxValues.py", line 19, in readWallboxValuesMain
    regs = modbusclientWallbox.read_input_registers(key)[0]
TypeError: 'NoneType' object is not subscriptable
2021-04-30 12:59:40,255 - chargeApp - ERROR - Read from Modbux failed
Traceback (most recent call last):
  File "/home/kerstin/Software/Coding/python_code/WallboxDataToInflux/chargeApp/readWallboxValues.py", line 19, in readWallboxValuesMain
    regs = modbusclientWallbox.read_input_registers(key)[0]
TypeError: 'NoneType' object is not subscriptable
2021-04-30 12:59:40,255 - chargeApp - ERROR - Read from Modbux failed
Traceback (most recent call last):
  File "/home/kerstin/Software/Coding/python_code/WallboxDataToInflux/chargeApp/readWallboxValues.py", line 19, in readWallboxValuesMain
    regs = modbusclientWallbox.read_input_registers(key)[0]
TypeError: 'NoneType' object is not subscriptable
2021-04-30 12:59:40,256 - chargeApp - ERROR - Read from Modbux failed
Traceback (most recent call last):
  File "/home/kerstin/Software/Coding/python_code/WallboxDataToInflux/chargeApp/readWallboxValues.py", line 19, in readWallboxValuesMain
    regs = modbusclientWallbox.read_input_registers(key)[0]
TypeError: 'NoneType' object is not subscriptable
2021-04-30 12:59:40,256 - chargeApp - ERROR - Read from Modbux failed
Traceback (most recent call last):
  File "/home/kerstin/Software/Coding/python_code/WallboxDataToInflux/chargeApp/readWallboxValues.py", line 19, in readWallboxValuesMain
    regs = modbusclientWallbox.read_input_registers(key)[0]
TypeError: 'NoneType' object is not subscriptable
2021-04-30 12:59:40,257 - chargeApp - ERROR - Read from Modbux failed
Traceback (most recent call last):
  File "/home/kerstin/Software/Coding/python_code/WallboxDataToInflux/chargeApp/readWallboxValues.py", line 19, in readWallboxValuesMain
    regs = modbusclientWallbox.read_input_registers(key)[0]
TypeError: 'NoneType' object is not subscriptable
2021-04-30 12:59:40,257 - chargeApp - ERROR - Read from Modbux failed
Traceback (most recent call last):
  File "/home/kerstin/Software/Coding/python_code/WallboxDataToInflux/chargeApp/readWallboxValues.py", line 19, in readWallboxValuesMain
    regs = modbusclientWallbox.read_input_registers(key)[0]
TypeError: 'NoneType' object is not subscriptable
2021-04-30 12:59:40,258 - chargeApp - ERROR - Read from Modbux failed
Traceback (most recent call last):
  File "/home/kerstin/Software/Coding/python_code/WallboxDataToInflux/chargeApp/readWallboxValues.py", line 19, in readWallboxValuesMain
    regs = modbusclientWallbox.read_input_registers(key)[0]
TypeError: 'NoneType' object is not subscriptable
2021-04-30 12:59:40,258 - chargeApp - ERROR - Read from Modbux failed
Traceback (most recent call last):
  File "/home/kerstin/Software/Coding/python_code/WallboxDataToInflux/chargeApp/readWallboxValues.py", line 19, in readWallboxValuesMain
    regs = modbusclientWallbox.read_input_registers(key)[0]
TypeError: 'NoneType' object is not subscriptable
2021-04-30 12:59:40,259 - chargeApp - ERROR - Read from Modbux failed
Traceback (most recent call last):
  File "/home/kerstin/Software/Coding/python_code/WallboxDataToInflux/chargeApp/readWallboxValues.py", line 19, in readWallboxValuesMain
    regs = modbusclientWallbox.read_input_registers(key)[0]
TypeError: 'NoneType' object is not subscriptable
2021-04-30 12:59:41,338 - chargeApp - DEBUG - mode: 2
2021-04-30 12:59:41,338 - chargeApp - DEBUG - availChargeCurrent_A: 0
2021-04-30 12:59:41,338 - chargeApp - DEBUG - maxAvailChargeCurrent_A: 8
2021-04-30 12:59:41,338 - chargeApp - DEBUG - maxCurTarVal: 0
2021-04-30 12:59:41,341 - chargeApp - DEBUG - chargingState: oldVal: 2, new Val: 2
2021-04-30 12:59:41,341 - chargeApp - DEBUG - chargingstate change: False
2021-04-30 12:59:51,442 - chargeApp - DEBUG - ChargingState: 2
2021-04-30 12:59:51,471 - chargeApp - DEBUG - L1_Current_A: 0
2021-04-30 12:59:51,496 - chargeApp - DEBUG - L2_Current_A: 0
2021-04-30 12:59:51,524 - chargeApp - DEBUG - L3_Current_A: 0
2021-04-30 12:59:51,555 - chargeApp - DEBUG - PCB_Temperatur_dC: 212
2021-04-30 12:59:51,590 - chargeApp - DEBUG - L1_Voltage_V: 235
2021-04-30 12:59:51,629 - chargeApp - DEBUG - L2_Voltage_V: 235
2021-04-30 12:59:51,664 - chargeApp - DEBUG - L3_Voltage_V: 235
2021-04-30 12:59:51,696 - chargeApp - DEBUG - Extern_lock_state: 1
2021-04-30 12:59:51,708 - chargeApp - ERROR - Read from Modbux failed
Traceback (most recent call last):
  File "/home/kerstin/Software/Coding/python_code/WallboxDataToInflux/chargeApp/readWallboxValues.py", line 19, in readWallboxValuesMain
    regs = modbusclientWallbox.read_input_registers(key)[0]
TypeError: 'NoneType' object is not subscriptable
2021-04-30 12:59:51,709 - chargeApp - ERROR - Read from Modbux failed
Traceback (most recent call last):
  File "/home/kerstin/Software/Coding/python_code/WallboxDataToInflux/chargeApp/readWallboxValues.py", line 19, in readWallboxValuesMain
    regs = modbusclientWallbox.read_input_registers(key)[0]
TypeError: 'NoneType' object is not subscriptable
2021-04-30 12:59:51,709 - chargeApp - ERROR - Read from Modbux failed
Traceback (most recent call last):
  File "/home/kerstin/Software/Coding/python_code/WallboxDataToInflux/chargeApp/readWallboxValues.py", line 19, in readWallboxValuesMain
    regs = modbusclientWallbox.read_input_registers(key)[0]
TypeError: 'NoneType' object is not subscriptable
2021-04-30 12:59:51,710 - chargeApp - ERROR - Read from Modbux failed
Traceback (most recent call last):
  File "/home/kerstin/Software/Coding/python_code/WallboxDataToInflux/chargeApp/readWallboxValues.py", line 19, in readWallboxValuesMain
    regs = modbusclientWallbox.read_input_registers(key)[0]
TypeError: 'NoneType' object is not subscriptable
2021-04-30 12:59:51,710 - chargeApp - ERROR - Read from Modbux failed
Traceback (most recent call last):
  File "/home/kerstin/Software/Coding/python_code/WallboxDataToInflux/chargeApp/readWallboxValues.py", line 19, in readWallboxValuesMain
    regs = modbusclientWallbox.read_input_registers(key)[0]
TypeError: 'NoneType' object is not subscriptable
2021-04-30 12:59:51,711 - chargeApp - ERROR - Read from Modbux failed
Traceback (most recent call last):
  File "/home/kerstin/Software/Coding/python_code/WallboxDataToInflux/chargeApp/readWallboxValues.py", line 19, in readWallboxValuesMain
    regs = modbusclientWallbox.read_input_registers(key)[0]
TypeError: 'NoneType' object is not subscriptable
2021-04-30 12:59:51,711 - chargeApp - ERROR - Read from Modbux failed
Traceback (most recent call last):
  File "/home/kerstin/Software/Coding/python_code/WallboxDataToInflux/chargeApp/readWallboxValues.py", line 19, in readWallboxValuesMain
    regs = modbusclientWallbox.read_input_registers(key)[0]
TypeError: 'NoneType' object is not subscriptable
2021-04-30 12:59:52,798 - chargeApp - DEBUG - mode: 2
2021-04-30 12:59:52,799 - chargeApp - DEBUG - availChargeCurrent_A: 0
2021-04-30 12:59:52,799 - chargeApp - DEBUG - maxAvailChargeCurrent_A: 8
2021-04-30 12:59:52,799 - chargeApp - DEBUG - maxCurTarVal: 0
2021-04-30 12:59:52,803 - chargeApp - DEBUG - chargingState: oldVal: 7, new Val: 2
2021-04-30 12:59:52,803 - chargeApp - DEBUG - chargingstate change: False
2021-04-30 13:00:02,983 - chargeApp - DEBUG - ChargingState: 2
2021-04-30 13:00:03,014 - chargeApp - DEBUG - L1_Current_A: 0
2021-04-30 13:00:03,049 - chargeApp - DEBUG - L2_Current_A: 0
2021-04-30 13:00:03,079 - chargeApp - DEBUG - L3_Current_A: 0
2021-04-30 13:00:03,110 - chargeApp - DEBUG - PCB_Temperatur_dC: 212
2021-04-30 13:00:03,141 - chargeApp - DEBUG - L1_Voltage_V: 234
2021-04-30 13:00:03,178 - chargeApp - DEBUG - L2_Voltage_V: 234
2021-04-30 13:00:03,210 - chargeApp - DEBUG - L3_Voltage_V: 235
2021-04-30 13:00:03,243 - chargeApp - DEBUG - Extern_lock_state: 1
2021-04-30 13:00:03,279 - chargeApp - DEBUG - ChargePower_W: 0
2021-04-30 13:00:03,313 - chargeApp - DEBUG - Energy_since_PowerON_highbyte_Wh: 0
2021-04-30 13:00:03,343 - chargeApp - DEBUG - Energy_since_PowerON_lowbyte_Wh: 0
2021-04-30 13:00:03,386 - chargeApp - DEBUG - Energy_since_installation_highbyte_Wh: 0
2021-04-30 13:00:03,418 - chargeApp - DEBUG - Energy_since_installation_lowbyte_Wh: 1799
2021-04-30 13:00:03,447 - chargeApp - DEBUG - HW_config_max_current_A: 16
2021-04-30 13:00:03,476 - chargeApp - DEBUG - HW_config_min_current_A: 6
2021-04-30 13:00:03,505 - chargeApp - DEBUG - Watchdog_Timeout_ms: 15000
2021-04-30 13:00:03,535 - chargeApp - DEBUG - Remote_Lock_State: 1
2021-04-30 13:00:03,570 - chargeApp - DEBUG - Max_Current_Command_A: 0
2021-04-30 13:00:03,612 - chargeApp - DEBUG - Failsafe_Current_A: 60
2021-04-30 13:00:04,690 - chargeApp - DEBUG - mode: 2
2021-04-30 13:00:04,690 - chargeApp - DEBUG - availChargeCurrent_A: 0
2021-04-30 13:00:04,690 - chargeApp - DEBUG - maxAvailChargeCurrent_A: 8
2021-04-30 13:00:04,690 - chargeApp - DEBUG - maxCurTarVal: 0
2021-04-30 13:00:04,693 - chargeApp - DEBUG - chargingState: oldVal: 2, new Val: 2
2021-04-30 13:00:04,693 - chargeApp - DEBUG - chargingstate change: False
2021-04-30 13:00:15,039 - chargeApp - DEBUG - ChargingState: 2
2021-04-30 13:00:15,080 - chargeApp - DEBUG - L1_Current_A: 0
2021-04-30 13:00:15,114 - chargeApp - DEBUG - L2_Current_A: 0
2021-04-30 13:00:15,155 - chargeApp - DEBUG - L3_Current_A: 0
2021-04-30 13:00:15,186 - chargeApp - DEBUG - PCB_Temperatur_dC: 212
2021-04-30 13:00:15,216 - chargeApp - DEBUG - L1_Voltage_V: 235
2021-04-30 13:00:15,253 - chargeApp - DEBUG - L2_Voltage_V: 235
2021-04-30 13:00:15,283 - chargeApp - DEBUG - L3_Voltage_V: 235
2021-04-30 13:00:15,313 - chargeApp - DEBUG - Extern_lock_state: 1
2021-04-30 13:00:15,348 - chargeApp - DEBUG - ChargePower_W: 0
2021-04-30 13:00:15,385 - chargeApp - DEBUG - Energy_since_PowerON_highbyte_Wh: 0
2021-04-30 13:00:15,415 - chargeApp - DEBUG - Energy_since_PowerON_lowbyte_Wh: 0
2021-04-30 13:00:15,456 - chargeApp - DEBUG - Energy_since_installation_highbyte_Wh: 0
2021-04-30 13:00:15,486 - chargeApp - DEBUG - Energy_since_installation_lowbyte_Wh: 1799
2021-04-30 13:00:15,531 - chargeApp - DEBUG - HW_config_max_current_A: 16
2021-04-30 13:00:15,572 - chargeApp - DEBUG - HW_config_min_current_A: 6
2021-04-30 13:00:15,606 - chargeApp - DEBUG - Watchdog_Timeout_ms: 15000
2021-04-30 13:00:15,638 - chargeApp - DEBUG - Remote_Lock_State: 1
2021-04-30 13:00:15,672 - chargeApp - DEBUG - Max_Current_Command_A: 0
2021-04-30 13:00:15,713 - chargeApp - DEBUG - Failsafe_Current_A: 60
2021-04-30 13:00:16,808 - chargeApp - DEBUG - mode: 2
2021-04-30 13:00:16,808 - chargeApp - DEBUG - availChargeCurrent_A: 0
2021-04-30 13:00:16,808 - chargeApp - DEBUG - maxAvailChargeCurrent_A: 8
2021-04-30 13:00:16,808 - chargeApp - DEBUG - maxCurTarVal: 0
2021-04-30 13:00:16,811 - chargeApp - DEBUG - chargingState: oldVal: 2, new Val: 2
2021-04-30 13:00:16,811 - chargeApp - DEBUG - chargingstate change: False
2021-04-30 13:00:26,917 - chargeApp - DEBUG - ChargingState: 2
2021-04-30 13:00:26,953 - chargeApp - DEBUG - L1_Current_A: 0
2021-04-30 13:00:26,983 - chargeApp - DEBUG - L2_Current_A: 0
2021-04-30 13:00:27,020 - chargeApp - DEBUG - L3_Current_A: 0
2021-04-30 13:00:27,057 - chargeApp - DEBUG - PCB_Temperatur_dC: 212
2021-04-30 13:00:27,088 - chargeApp - DEBUG - L1_Voltage_V: 235
2021-04-30 13:00:27,122 - chargeApp - DEBUG - L2_Voltage_V: 235
2021-04-30 13:00:27,150 - chargeApp - DEBUG - L3_Voltage_V: 235
2021-04-30 13:00:27,181 - chargeApp - DEBUG - Extern_lock_state: 1
2021-04-30 13:00:27,208 - chargeApp - DEBUG - ChargePower_W: 0
2021-04-30 13:00:27,241 - chargeApp - DEBUG - Energy_since_PowerON_highbyte_Wh: 0
2021-04-30 13:00:27,272 - chargeApp - DEBUG - Energy_since_PowerON_lowbyte_Wh: 0
2021-04-30 13:00:27,302 - chargeApp - DEBUG - Energy_since_installation_highbyte_Wh: 0
2021-04-30 13:00:27,330 - chargeApp - DEBUG - Energy_since_installation_lowbyte_Wh: 1799
2021-04-30 13:00:27,363 - chargeApp - DEBUG - HW_config_max_current_A: 16
2021-04-30 13:00:27,411 - chargeApp - DEBUG - HW_config_min_current_A: 6
2021-04-30 13:00:27,447 - chargeApp - DEBUG - Watchdog_Timeout_ms: 15000
2021-04-30 13:00:27,482 - chargeApp - DEBUG - Remote_Lock_State: 1
2021-04-30 13:00:27,512 - chargeApp - DEBUG - Max_Current_Command_A: 0
2021-04-30 13:00:27,558 - chargeApp - DEBUG - Failsafe_Current_A: 60
2021-04-30 13:00:28,614 - chargeApp - DEBUG - mode: 2
2021-04-30 13:00:28,614 - chargeApp - DEBUG - availChargeCurrent_A: 0
2021-04-30 13:00:28,615 - chargeApp - DEBUG - maxAvailChargeCurrent_A: 8
2021-04-30 13:00:28,615 - chargeApp - DEBUG - maxCurTarVal: 0
2021-04-30 13:00:28,618 - chargeApp - DEBUG - chargingState: oldVal: 2, new Val: 2
2021-04-30 13:00:28,618 - chargeApp - DEBUG - chargingstate change: False
2021-04-30 13:00:38,823 - chargeApp - DEBUG - ChargingState: 2
2021-04-30 13:00:38,855 - chargeApp - DEBUG - L1_Current_A: 0
2021-04-30 13:00:38,877 - chargeApp - DEBUG - L2_Current_A: 0
2021-04-30 13:00:38,909 - chargeApp - DEBUG - L3_Current_A: 0
2021-04-30 13:00:38,937 - chargeApp - DEBUG - PCB_Temperatur_dC: 212
2021-04-30 13:00:38,962 - chargeApp - DEBUG - L1_Voltage_V: 235
2021-04-30 13:00:38,991 - chargeApp - DEBUG - L2_Voltage_V: 235
2021-04-30 13:00:39,019 - chargeApp - DEBUG - L3_Voltage_V: 236
2021-04-30 13:00:39,043 - chargeApp - DEBUG - Extern_lock_state: 1
2021-04-30 13:00:39,110 - chargeApp - DEBUG - ChargePower_W: 0
2021-04-30 13:00:39,148 - chargeApp - DEBUG - Energy_since_PowerON_highbyte_Wh: 0
2021-04-30 13:00:39,196 - chargeApp - DEBUG - Energy_since_PowerON_lowbyte_Wh: 0
2021-04-30 13:00:39,228 - chargeApp - DEBUG - Energy_since_installation_highbyte_Wh: 0
2021-04-30 13:00:39,262 - chargeApp - DEBUG - Energy_since_installation_lowbyte_Wh: 1799
2021-04-30 13:00:39,313 - chargeApp - DEBUG - HW_config_max_current_A: 16
2021-04-30 13:00:39,346 - chargeApp - DEBUG - HW_config_min_current_A: 6
2021-04-30 13:00:40,416 - chargeApp - DEBUG - mode: 2
2021-04-30 13:00:40,416 - chargeApp - DEBUG - availChargeCurrent_A: 0
2021-04-30 13:00:40,416 - chargeApp - DEBUG - maxAvailChargeCurrent_A: 8
2021-04-30 13:00:40,416 - chargeApp - DEBUG - maxCurTarVal: 0
2021-04-30 13:00:40,419 - chargeApp - DEBUG - chargingState: oldVal: 2, new Val: 2
2021-04-30 13:00:40,419 - chargeApp - DEBUG - chargingstate change: False
2021-04-30 13:00:50,573 - chargeApp - ERROR - Read from Modbux failed
Traceback (most recent call last):
  File "/home/kerstin/Software/Coding/python_code/WallboxDataToInflux/chargeApp/readWallboxValues.py", line 19, in readWallboxValuesMain
    regs = modbusclientWallbox.read_input_registers(key)[0]
TypeError: 'NoneType' object is not subscriptable
2021-04-30 13:00:50,575 - chargeApp - ERROR - Read from Modbux failed
Traceback (most recent call last):
  File "/home/kerstin/Software/Coding/python_code/WallboxDataToInflux/chargeApp/readWallboxValues.py", line 19, in readWallboxValuesMain
    regs = modbusclientWallbox.read_input_registers(key)[0]
TypeError: 'NoneType' object is not subscriptable
2021-04-30 13:00:50,575 - chargeApp - ERROR - Read from Modbux failed
Traceback (most recent call last):
  File "/home/kerstin/Software/Coding/python_code/WallboxDataToInflux/chargeApp/readWallboxValues.py", line 19, in readWallboxValuesMain
    regs = modbusclientWallbox.read_input_registers(key)[0]
TypeError: 'NoneType' object is not subscriptable
2021-04-30 13:00:50,576 - chargeApp - ERROR - Read from Modbux failed
Traceback (most recent call last):
  File "/home/kerstin/Software/Coding/python_code/WallboxDataToInflux/chargeApp/readWallboxValues.py", line 19, in readWallboxValuesMain
    regs = modbusclientWallbox.read_input_registers(key)[0]
TypeError: 'NoneType' object is not subscriptable
2021-04-30 13:00:50,577 - chargeApp - ERROR - Read from Modbux failed
Traceback (most recent call last):
  File "/home/kerstin/Software/Coding/python_code/WallboxDataToInflux/chargeApp/readWallboxValues.py", line 19, in readWallboxValuesMain
    regs = modbusclientWallbox.read_input_registers(key)[0]
TypeError: 'NoneType' object is not subscriptable
2021-04-30 13:00:50,577 - chargeApp - ERROR - Read from Modbux failed
Traceback (most recent call last):
  File "/home/kerstin/Software/Coding/python_code/WallboxDataToInflux/chargeApp/readWallboxValues.py", line 19, in readWallboxValuesMain
    regs = modbusclientWallbox.read_input_registers(key)[0]
TypeError: 'NoneType' object is not subscriptable
2021-04-30 13:00:50,578 - chargeApp - ERROR - Read from Modbux failed
Traceback (most recent call last):
  File "/home/kerstin/Software/Coding/python_code/WallboxDataToInflux/chargeApp/readWallboxValues.py", line 19, in readWallboxValuesMain
    regs = modbusclientWallbox.read_input_registers(key)[0]
TypeError: 'NoneType' object is not subscriptable
2021-04-30 13:00:50,578 - chargeApp - ERROR - Read from Modbux failed
Traceback (most recent call last):
  File "/home/kerstin/Software/Coding/python_code/WallboxDataToInflux/chargeApp/readWallboxValues.py", line 19, in readWallboxValuesMain
    regs = modbusclientWallbox.read_input_registers(key)[0]
TypeError: 'NoneType' object is not subscriptable
2021-04-30 13:00:50,579 - chargeApp - ERROR - Read from Modbux failed
Traceback (most recent call last):
  File "/home/kerstin/Software/Coding/python_code/WallboxDataToInflux/chargeApp/readWallboxValues.py", line 19, in readWallboxValuesMain
    regs = modbusclientWallbox.read_input_registers(key)[0]
TypeError: 'NoneType' object is not subscriptable
2021-04-30 13:00:50,579 - chargeApp - ERROR - Read from Modbux failed
Traceback (most recent call last):
  File "/home/kerstin/Software/Coding/python_code/WallboxDataToInflux/chargeApp/readWallboxValues.py", line 19, in readWallboxValuesMain
    regs = modbusclientWallbox.read_input_registers(key)[0]
TypeError: 'NoneType' object is not subscriptable
2021-04-30 13:00:50,580 - chargeApp - ERROR - Read from Modbux failed
Traceback (most recent call last):
  File "/home/kerstin/Software/Coding/python_code/WallboxDataToInflux/chargeApp/readWallboxValues.py", line 19, in readWallboxValuesMain
    regs = modbusclientWallbox.read_input_registers(key)[0]
TypeError: 'NoneType' object is not subscriptable
2021-04-30 13:00:50,580 - chargeApp - ERROR - Read from Modbux failed
Traceback (most recent call last):
  File "/home/kerstin/Software/Coding/python_code/WallboxDataToInflux/chargeApp/readWallboxValues.py", line 19, in readWallboxValuesMain
    regs = modbusclientWallbox.read_input_registers(key)[0]
TypeError: 'NoneType' object is not subscriptable
2021-04-30 13:00:50,581 - chargeApp - ERROR - Read from Modbux failed
Traceback (most recent call last):
  File "/home/kerstin/Software/Coding/python_code/WallboxDataToInflux/chargeApp/readWallboxValues.py", line 19, in readWallboxValuesMain
    regs = modbusclientWallbox.read_input_registers(key)[0]
TypeError: 'NoneType' object is not subscriptable
2021-04-30 13:00:50,582 - chargeApp - ERROR - Read from Modbux failed
Traceback (most recent call last):
  File "/home/kerstin/Software/Coding/python_code/WallboxDataToInflux/chargeApp/readWallboxValues.py", line 19, in readWallboxValuesMain
    regs = modbusclientWallbox.read_input_registers(key)[0]
TypeError: 'NoneType' object is not subscriptable
2021-04-30 13:00:50,582 - chargeApp - ERROR - Read from Modbux failed
Traceback (most recent call last):
  File "/home/kerstin/Software/Coding/python_code/WallboxDataToInflux/chargeApp/readWallboxValues.py", line 19, in readWallboxValuesMain
    regs = modbusclientWallbox.read_input_registers(key)[0]
TypeError: 'NoneType' object is not subscriptable
2021-04-30 13:00:50,583 - chargeApp - ERROR - Read from Modbux failed
Traceback (most recent call last):
  File "/home/kerstin/Software/Coding/python_code/WallboxDataToInflux/chargeApp/readWallboxValues.py", line 19, in readWallboxValuesMain
    regs = modbusclientWallbox.read_input_registers(key)[0]
TypeError: 'NoneType' object is not subscriptable
2021-04-30 13:00:51,658 - chargeApp - DEBUG - mode: 2
2021-04-30 13:00:51,658 - chargeApp - DEBUG - availChargeCurrent_A: 0
2021-04-30 13:00:51,658 - chargeApp - DEBUG - maxAvailChargeCurrent_A: 8
2021-04-30 13:00:51,658 - chargeApp - DEBUG - maxCurTarVal: 0
2021-04-30 13:00:51,660 - chargeApp - DEBUG - chargingState: oldVal: 2, new Val: 2
2021-04-30 13:00:51,660 - chargeApp - DEBUG - chargingstate change: False
2021-04-30 13:01:01,939 - chargeApp - DEBUG - ChargingState: 2
2021-04-30 13:01:01,952 - chargeApp - ERROR - Read from Modbux failed
Traceback (most recent call last):
  File "/home/kerstin/Software/Coding/python_code/WallboxDataToInflux/chargeApp/readWallboxValues.py", line 19, in readWallboxValuesMain
    regs = modbusclientWallbox.read_input_registers(key)[0]
TypeError: 'NoneType' object is not subscriptable
2021-04-30 13:01:01,953 - chargeApp - ERROR - Read from Modbux failed
Traceback (most recent call last):
  File "/home/kerstin/Software/Coding/python_code/WallboxDataToInflux/chargeApp/readWallboxValues.py", line 19, in readWallboxValuesMain
    regs = modbusclientWallbox.read_input_registers(key)[0]
TypeError: 'NoneType' object is not subscriptable
2021-04-30 13:01:01,953 - chargeApp - ERROR - Read from Modbux failed
Traceback (most recent call last):
  File "/home/kerstin/Software/Coding/python_code/WallboxDataToInflux/chargeApp/readWallboxValues.py", line 19, in readWallboxValuesMain
    regs = modbusclientWallbox.read_input_registers(key)[0]
TypeError: 'NoneType' object is not subscriptable
2021-04-30 13:01:01,954 - chargeApp - ERROR - Read from Modbux failed
Traceback (most recent call last):
  File "/home/kerstin/Software/Coding/python_code/WallboxDataToInflux/chargeApp/readWallboxValues.py", line 19, in readWallboxValuesMain
    regs = modbusclientWallbox.read_input_registers(key)[0]
TypeError: 'NoneType' object is not subscriptable
2021-04-30 13:01:01,954 - chargeApp - ERROR - Read from Modbux failed
Traceback (most recent call last):
  File "/home/kerstin/Software/Coding/python_code/WallboxDataToInflux/chargeApp/readWallboxValues.py", line 19, in readWallboxValuesMain
    regs = modbusclientWallbox.read_input_registers(key)[0]
TypeError: 'NoneType' object is not subscriptable
2021-04-30 13:01:01,954 - chargeApp - ERROR - Read from Modbux failed
Traceback (most recent call last):
  File "/home/kerstin/Software/Coding/python_code/WallboxDataToInflux/chargeApp/readWallboxValues.py", line 19, in readWallboxValuesMain
    regs = modbusclientWallbox.read_input_registers(key)[0]
TypeError: 'NoneType' object is not subscriptable
2021-04-30 13:01:01,955 - chargeApp - ERROR - Read from Modbux failed
Traceback (most recent call last):
  File "/home/kerstin/Software/Coding/python_code/WallboxDataToInflux/chargeApp/readWallboxValues.py", line 19, in readWallboxValuesMain
    regs = modbusclientWallbox.read_input_registers(key)[0]
TypeError: 'NoneType' object is not subscriptable
2021-04-30 13:01:01,955 - chargeApp - ERROR - Read from Modbux failed
Traceback (most recent call last):
  File "/home/kerstin/Software/Coding/python_code/WallboxDataToInflux/chargeApp/readWallboxValues.py", line 19, in readWallboxValuesMain
    regs = modbusclientWallbox.read_input_registers(key)[0]
TypeError: 'NoneType' object is not subscriptable
2021-04-30 13:01:01,955 - chargeApp - ERROR - Read from Modbux failed
Traceback (most recent call last):
  File "/home/kerstin/Software/Coding/python_code/WallboxDataToInflux/chargeApp/readWallboxValues.py", line 19, in readWallboxValuesMain
    regs = modbusclientWallbox.read_input_registers(key)[0]
TypeError: 'NoneType' object is not subscriptable
2021-04-30 13:01:01,956 - chargeApp - ERROR - Read from Modbux failed
Traceback (most recent call last):
  File "/home/kerstin/Software/Coding/python_code/WallboxDataToInflux/chargeApp/readWallboxValues.py", line 19, in readWallboxValuesMain
    regs = modbusclientWallbox.read_input_registers(key)[0]
TypeError: 'NoneType' object is not subscriptable
2021-04-30 13:01:01,956 - chargeApp - ERROR - Read from Modbux failed
Traceback (most recent call last):
  File "/home/kerstin/Software/Coding/python_code/WallboxDataToInflux/chargeApp/readWallboxValues.py", line 19, in readWallboxValuesMain
    regs = modbusclientWallbox.read_input_registers(key)[0]
TypeError: 'NoneType' object is not subscriptable
2021-04-30 13:01:01,957 - chargeApp - ERROR - Read from Modbux failed
Traceback (most recent call last):
  File "/home/kerstin/Software/Coding/python_code/WallboxDataToInflux/chargeApp/readWallboxValues.py", line 19, in readWallboxValuesMain
    regs = modbusclientWallbox.read_input_registers(key)[0]
TypeError: 'NoneType' object is not subscriptable
2021-04-30 13:01:01,957 - chargeApp - ERROR - Read from Modbux failed
Traceback (most recent call last):
  File "/home/kerstin/Software/Coding/python_code/WallboxDataToInflux/chargeApp/readWallboxValues.py", line 19, in readWallboxValuesMain
    regs = modbusclientWallbox.read_input_registers(key)[0]
TypeError: 'NoneType' object is not subscriptable
2021-04-30 13:01:01,957 - chargeApp - ERROR - Read from Modbux failed
Traceback (most recent call last):
  File "/home/kerstin/Software/Coding/python_code/WallboxDataToInflux/chargeApp/readWallboxValues.py", line 19, in readWallboxValuesMain
    regs = modbusclientWallbox.read_input_registers(key)[0]
TypeError: 'NoneType' object is not subscriptable
2021-04-30 13:01:01,958 - chargeApp - ERROR - Read from Modbux failed
Traceback (most recent call last):
  File "/home/kerstin/Software/Coding/python_code/WallboxDataToInflux/chargeApp/readWallboxValues.py", line 19, in readWallboxValuesMain
    regs = modbusclientWallbox.read_input_registers(key)[0]
TypeError: 'NoneType' object is not subscriptable
2021-04-30 13:05:03,161 - chargeApp - DEBUG - chargingState: oldVal: 2, new Val: 5
2021-04-30 13:05:13,275 - chargeApp - DEBUG - ChargingState: 2
2021-04-30 13:05:13,310 - chargeApp - DEBUG - L1_Current_A: 0
2021-04-30 13:05:13,385 - chargeApp - DEBUG - L2_Current_A: 0
2021-04-30 13:05:13,417 - chargeApp - DEBUG - L3_Current_A: 0
2021-04-30 13:05:13,511 - chargeApp - DEBUG - PCB_Temperatur_dC: 212
2021-04-30 13:05:13,546 - chargeApp - DEBUG - L1_Voltage_V: 235
2021-04-30 13:05:13,579 - chargeApp - DEBUG - L2_Voltage_V: 234
2021-04-30 13:05:13,611 - chargeApp - DEBUG - L3_Voltage_V: 235
2021-04-30 13:05:13,643 - chargeApp - DEBUG - Extern_lock_state: 1
2021-04-30 13:05:13,673 - chargeApp - DEBUG - ChargePower_W: 0
2021-04-30 13:05:13,697 - chargeApp - DEBUG - Energy_since_PowerON_highbyte_Wh: 0
2021-04-30 13:05:13,749 - chargeApp - DEBUG - Energy_since_PowerON_lowbyte_Wh: 0
2021-04-30 13:05:13,781 - chargeApp - DEBUG - Energy_since_installation_highbyte_Wh: 0
2021-04-30 13:05:13,822 - chargeApp - DEBUG - Energy_since_installation_lowbyte_Wh: 1799
2021-04-30 13:05:13,855 - chargeApp - DEBUG - HW_config_max_current_A: 16
2021-04-30 13:05:13,886 - chargeApp - DEBUG - HW_config_min_current_A: 6
2021-04-30 13:05:13,918 - chargeApp - DEBUG - Watchdog_Timeout_ms: 15000
2021-04-30 13:05:13,954 - chargeApp - DEBUG - Remote_Lock_State: 1
2021-04-30 13:05:13,988 - chargeApp - DEBUG - Max_Current_Command_A: 0
2021-04-30 13:05:14,024 - chargeApp - DEBUG - Failsafe_Current_A: 60
2021-04-30 13:05:15,082 - chargeApp - DEBUG - mode: 2
2021-04-30 13:05:15,082 - chargeApp - DEBUG - availChargeCurrent_A: 0
2021-04-30 13:05:15,082 - chargeApp - DEBUG - maxAvailChargeCurrent_A: 8
2021-04-30 13:05:15,082 - chargeApp - DEBUG - maxCurTarVal: 0
2021-04-30 13:05:15,085 - chargeApp - DEBUG - chargingState: oldVal: 5, new Val: 2
2021-04-30 13:05:25,205 - chargeApp - DEBUG - ChargingState: 2
2021-04-30 13:05:25,244 - chargeApp - DEBUG - L1_Current_A: 0
2021-04-30 13:05:25,273 - chargeApp - DEBUG - L2_Current_A: 0
2021-04-30 13:05:25,316 - chargeApp - DEBUG - L3_Current_A: 0
2021-04-30 13:05:25,350 - chargeApp - DEBUG - PCB_Temperatur_dC: 212
2021-04-30 13:05:25,382 - chargeApp - DEBUG - L1_Voltage_V: 234
2021-04-30 13:05:25,420 - chargeApp - DEBUG - L2_Voltage_V: 234
2021-04-30 13:05:25,467 - chargeApp - DEBUG - L3_Voltage_V: 234
2021-04-30 13:05:25,498 - chargeApp - DEBUG - Extern_lock_state: 1
2021-04-30 13:05:25,526 - chargeApp - ERROR - Read from Modbux failed
Traceback (most recent call last):
  File "/home/kerstin/Software/Coding/python_code/WallboxDataToInflux/chargeApp/readWallboxValues.py", line 19, in readWallboxValuesMain
    regs = modbusclientWallbox.read_input_registers(key)[0]
TypeError: 'NoneType' object is not subscriptable
2021-04-30 13:05:25,528 - chargeApp - ERROR - Read from Modbux failed
Traceback (most recent call last):
  File "/home/kerstin/Software/Coding/python_code/WallboxDataToInflux/chargeApp/readWallboxValues.py", line 19, in readWallboxValuesMain
    regs = modbusclientWallbox.read_input_registers(key)[0]
TypeError: 'NoneType' object is not subscriptable
2021-04-30 13:05:25,528 - chargeApp - ERROR - Read from Modbux failed
Traceback (most recent call last):
  File "/home/kerstin/Software/Coding/python_code/WallboxDataToInflux/chargeApp/readWallboxValues.py", line 19, in readWallboxValuesMain
    regs = modbusclientWallbox.read_input_registers(key)[0]
TypeError: 'NoneType' object is not subscriptable
2021-04-30 13:05:25,529 - chargeApp - ERROR - Read from Modbux failed
Traceback (most recent call last):
  File "/home/kerstin/Software/Coding/python_code/WallboxDataToInflux/chargeApp/readWallboxValues.py", line 19, in readWallboxValuesMain
    regs = modbusclientWallbox.read_input_registers(key)[0]
TypeError: 'NoneType' object is not subscriptable
2021-04-30 13:05:25,529 - chargeApp - ERROR - Read from Modbux failed
Traceback (most recent call last):
  File "/home/kerstin/Software/Coding/python_code/WallboxDataToInflux/chargeApp/readWallboxValues.py", line 19, in readWallboxValuesMain
    regs = modbusclientWallbox.read_input_registers(key)[0]
TypeError: 'NoneType' object is not subscriptable
2021-04-30 13:05:25,530 - chargeApp - ERROR - Read from Modbux failed
Traceback (most recent call last):
  File "/home/kerstin/Software/Coding/python_code/WallboxDataToInflux/chargeApp/readWallboxValues.py", line 19, in readWallboxValuesMain
    regs = modbusclientWallbox.read_input_registers(key)[0]
TypeError: 'NoneType' object is not subscriptable
2021-04-30 13:05:25,530 - chargeApp - ERROR - Read from Modbux failed
Traceback (most recent call last):
  File "/home/kerstin/Software/Coding/python_code/WallboxDataToInflux/chargeApp/readWallboxValues.py", line 19, in readWallboxValuesMain
    regs = modbusclientWallbox.read_input_registers(key)[0]
TypeError: 'NoneType' object is not subscriptable
2021-04-30 13:05:26,603 - chargeApp - DEBUG - mode: 2
2021-04-30 13:05:26,603 - chargeApp - DEBUG - availChargeCurrent_A: 0
2021-04-30 13:05:26,603 - chargeApp - DEBUG - maxAvailChargeCurrent_A: 8
2021-04-30 13:05:26,603 - chargeApp - DEBUG - maxCurTarVal: 0
2021-04-30 13:05:26,605 - chargeApp - DEBUG - chargingState: oldVal: 2, new Val: 2
2021-04-30 13:06:59,417 - chargeApp - DEBUG - mode: 2
2021-04-30 13:06:59,417 - chargeApp - DEBUG - availChargeCurrent_A: 0
2021-04-30 13:06:59,417 - chargeApp - DEBUG - maxAvailChargeCurrent_A: 8
2021-04-30 13:06:59,417 - chargeApp - DEBUG - maxCurTarVal: 0
2021-04-30 13:06:59,419 - chargeApp - DEBUG - chargingState: oldVal: 2, new Val: 5
2021-04-30 13:07:15,615 - chargeApp - DEBUG - mode: 2
2021-04-30 13:07:15,615 - chargeApp - DEBUG - availChargeCurrent_A: 0
2021-04-30 13:07:15,615 - chargeApp - DEBUG - maxAvailChargeCurrent_A: 8
2021-04-30 13:07:15,615 - chargeApp - DEBUG - maxCurTarVal: 0
2021-04-30 13:07:15,617 - chargeApp - DEBUG - chargingState: oldVal: 5, new Val: 7
2021-04-30 13:07:27,507 - chargeApp - DEBUG - mode: 2
2021-04-30 13:07:27,507 - chargeApp - DEBUG - availChargeCurrent_A: 0
2021-04-30 13:07:27,507 - chargeApp - DEBUG - maxAvailChargeCurrent_A: 8
2021-04-30 13:07:27,507 - chargeApp - DEBUG - maxCurTarVal: 0
2021-04-30 13:07:27,509 - chargeApp - DEBUG - chargingState: oldVal: 5, new Val: 7
2021-04-30 13:07:38,678 - chargeApp - DEBUG - mode: 2
2021-04-30 13:07:38,678 - chargeApp - DEBUG - availChargeCurrent_A: 0
2021-04-30 13:07:38,678 - chargeApp - DEBUG - maxAvailChargeCurrent_A: 8
2021-04-30 13:07:38,678 - chargeApp - DEBUG - maxCurTarVal: 0
2021-04-30 13:07:38,680 - chargeApp - DEBUG - chargingState: oldVal: 2, new Val: 7
2021-04-30 13:07:54,792 - chargeApp - DEBUG - mode: 2
2021-04-30 13:07:54,793 - chargeApp - DEBUG - availChargeCurrent_A: 0
2021-04-30 13:07:54,793 - chargeApp - DEBUG - maxAvailChargeCurrent_A: 8
2021-04-30 13:07:54,793 - chargeApp - DEBUG - maxCurTarVal: 0
2021-04-30 13:07:54,795 - chargeApp - DEBUG - chargingState: oldVal: 2, new Val: 7
2021-04-30 13:08:10,919 - chargeApp - DEBUG - mode: 2
2021-04-30 13:08:10,919 - chargeApp - DEBUG - availChargeCurrent_A: 0
2021-04-30 13:08:10,919 - chargeApp - DEBUG - maxAvailChargeCurrent_A: 8
2021-04-30 13:08:10,919 - chargeApp - DEBUG - maxCurTarVal: 0
2021-04-30 13:08:10,921 - chargeApp - DEBUG - chargingState: oldVal: 7, new Val: 7
2021-04-30 13:08:21,992 - chargeApp - DEBUG - mode: 2
2021-04-30 13:08:21,992 - chargeApp - DEBUG - availChargeCurrent_A: 0
2021-04-30 13:08:21,992 - chargeApp - DEBUG - maxAvailChargeCurrent_A: 8
2021-04-30 13:08:21,992 - chargeApp - DEBUG - maxCurTarVal: 0
2021-04-30 13:08:21,995 - chargeApp - DEBUG - chargingState: oldVal: 7, new Val: 7
2021-04-30 13:08:33,112 - chargeApp - DEBUG - mode: 2
2021-04-30 13:08:33,112 - chargeApp - DEBUG - availChargeCurrent_A: 0
2021-04-30 13:08:33,112 - chargeApp - DEBUG - maxAvailChargeCurrent_A: 8
2021-04-30 13:08:33,112 - chargeApp - DEBUG - maxCurTarVal: 0
2021-04-30 13:08:33,115 - chargeApp - DEBUG - chargingState: oldVal: 7, new Val: 7
2021-04-30 13:08:44,327 - chargeApp - DEBUG - mode: 2
2021-04-30 13:08:44,327 - chargeApp - DEBUG - availChargeCurrent_A: 0
2021-04-30 13:08:44,328 - chargeApp - DEBUG - maxAvailChargeCurrent_A: 8
2021-04-30 13:08:44,328 - chargeApp - DEBUG - maxCurTarVal: 0
2021-04-30 13:08:44,330 - chargeApp - DEBUG - chargingState: oldVal: 7, new Val: 7
