2021-04-30 12:39:33,955 - chargeApp - DEBUG - chargingState: oldVal: 2, new Val: 7
2021-04-30 12:39:33,956 - chargeApp - DEBUG - chargingstate change: justPlugged
2021-04-30 12:53:37,769 - chargeApp - DEBUG - mode: 2
2021-04-30 12:53:37,769 - chargeApp - DEBUG - mode: 2
2021-04-30 12:53:37,770 - chargeApp - DEBUG - availChargeCurrent_A: 0
2021-04-30 12:53:37,770 - chargeApp - DEBUG - availChargeCurrent_A: 0
2021-04-30 12:53:37,770 - chargeApp - DEBUG - maxAvailChargeCurrent_A: 8
2021-04-30 12:53:37,770 - chargeApp - DEBUG - maxAvailChargeCurrent_A: 8
2021-04-30 12:53:37,771 - chargeApp - DEBUG - maxCurTarVal: 0
2021-04-30 12:53:37,771 - chargeApp - DEBUG - maxCurTarVal: 0
2021-04-30 12:53:37,773 - chargeApp - DEBUG - chargingState: oldVal: 2, new Val: 7
2021-04-30 12:53:37,773 - chargeApp - DEBUG - chargingState: oldVal: 2, new Val: 7
2021-04-30 12:53:37,774 - chargeApp - DEBUG - chargingstate change: True
2021-04-30 12:53:37,774 - chargeApp - DEBUG - chargingstate change: True
2021-04-30 12:54:07,331 - chargeApp - DEBUG - mode: 2
2021-04-30 12:54:07,331 - chargeApp - DEBUG - mode: 2
2021-04-30 12:54:07,331 - chargeApp - DEBUG - mode: 2
2021-04-30 12:54:07,332 - chargeApp - DEBUG - availChargeCurrent_A: 0
2021-04-30 12:54:07,332 - chargeApp - DEBUG - availChargeCurrent_A: 0
2021-04-30 12:54:07,332 - chargeApp - DEBUG - availChargeCurrent_A: 0
2021-04-30 12:54:07,332 - chargeApp - DEBUG - maxAvailChargeCurrent_A: 8
2021-04-30 12:54:07,332 - chargeApp - DEBUG - maxAvailChargeCurrent_A: 8
2021-04-30 12:54:07,332 - chargeApp - DEBUG - maxAvailChargeCurrent_A: 8
2021-04-30 12:54:07,333 - chargeApp - DEBUG - maxCurTarVal: 0
2021-04-30 12:54:07,333 - chargeApp - DEBUG - maxCurTarVal: 0
2021-04-30 12:54:07,333 - chargeApp - DEBUG - maxCurTarVal: 0
2021-04-30 12:54:07,336 - chargeApp - DEBUG - chargingState: oldVal: 7, new Val: 7
2021-04-30 12:54:07,336 - chargeApp - DEBUG - chargingState: oldVal: 7, new Val: 7
2021-04-30 12:54:07,336 - chargeApp - DEBUG - chargingState: oldVal: 7, new Val: 7
2021-04-30 12:54:07,337 - chargeApp - DEBUG - chargingstate change: False
2021-04-30 12:54:07,337 - chargeApp - DEBUG - chargingstate change: False
2021-04-30 12:54:07,337 - chargeApp - DEBUG - chargingstate change: False
2021-04-30 13:01:45,989 - chargeApp - DEBUG - mode: 2
2021-04-30 13:01:45,989 - chargeApp - DEBUG - mode: 2
2021-04-30 13:01:45,989 - chargeApp - DEBUG - mode: 2
2021-04-30 13:01:45,989 - chargeApp - DEBUG - mode: 2
2021-04-30 13:01:45,989 - chargeApp - DEBUG - availChargeCurrent_A: 0
2021-04-30 13:01:45,989 - chargeApp - DEBUG - availChargeCurrent_A: 0
2021-04-30 13:01:45,989 - chargeApp - DEBUG - availChargeCurrent_A: 0
2021-04-30 13:01:45,989 - chargeApp - DEBUG - availChargeCurrent_A: 0
2021-04-30 13:01:45,990 - chargeApp - DEBUG - maxAvailChargeCurrent_A: 8
2021-04-30 13:01:45,990 - chargeApp - DEBUG - maxAvailChargeCurrent_A: 8
2021-04-30 13:01:45,990 - chargeApp - DEBUG - maxAvailChargeCurrent_A: 8
2021-04-30 13:01:45,990 - chargeApp - DEBUG - maxAvailChargeCurrent_A: 8
2021-04-30 13:01:45,990 - chargeApp - DEBUG - maxCurTarVal: 0
2021-04-30 13:01:45,990 - chargeApp - DEBUG - maxCurTarVal: 0
2021-04-30 13:01:45,990 - chargeApp - DEBUG - maxCurTarVal: 0
2021-04-30 13:01:45,990 - chargeApp - DEBUG - maxCurTarVal: 0
2021-04-30 13:01:45,993 - chargeApp - DEBUG - chargingState: oldVal: 2, new Val: 2
2021-04-30 13:01:45,993 - chargeApp - DEBUG - chargingState: oldVal: 2, new Val: 2
2021-04-30 13:01:45,993 - chargeApp - DEBUG - chargingState: oldVal: 2, new Val: 2
2021-04-30 13:01:45,993 - chargeApp - DEBUG - chargingState: oldVal: 2, new Val: 2
2021-04-30 13:01:45,993 - chargeApp - DEBUG - chargingstate change: False
2021-04-30 13:01:45,993 - chargeApp - DEBUG - chargingstate change: False
2021-04-30 13:01:45,993 - chargeApp - DEBUG - chargingstate change: False
2021-04-30 13:01:45,993 - chargeApp - DEBUG - chargingstate change: False
2021-04-30 13:02:12,564 - chargeApp - DEBUG - chargingState: oldVal: 2, new Val: 2
2021-04-30 13:02:12,564 - chargeApp - DEBUG - chargingState: oldVal: 2, new Val: 2
2021-04-30 13:02:12,564 - chargeApp - DEBUG - chargingState: oldVal: 2, new Val: 2
2021-04-30 13:02:12,564 - chargeApp - DEBUG - chargingState: oldVal: 2, new Val: 2
2021-04-30 13:02:12,564 - chargeApp - DEBUG - chargingState: oldVal: 2, new Val: 2
2021-04-30 13:02:12,564 - chargeApp - DEBUG - chargingState: oldVal: 2, new Val: 2
2021-04-30 13:02:12,564 - chargeApp - DEBUG - chargingState: oldVal: 2, new Val: 2
2021-04-30 13:04:10,914 - chargeApp - DEBUG - chargingState: oldVal: 2, new Val: 2
2021-04-30 13:04:10,914 - chargeApp - DEBUG - chargingState: oldVal: 2, new Val: 2
2021-04-30 13:04:10,914 - chargeApp - DEBUG - chargingState: oldVal: 2, new Val: 2
2021-04-30 13:04:10,914 - chargeApp - DEBUG - chargingState: oldVal: 2, new Val: 2
2021-04-30 13:04:10,914 - chargeApp - DEBUG - chargingState: oldVal: 2, new Val: 2
2021-04-30 13:04:10,914 - chargeApp - DEBUG - chargingState: oldVal: 2, new Val: 2
2021-04-30 13:04:10,914 - chargeApp - DEBUG - chargingState: oldVal: 2, new Val: 2
2021-04-30 13:04:10,914 - chargeApp - DEBUG - chargingState: oldVal: 2, new Val: 2
2021-04-30 13:04:10,914 - chargeApp - DEBUG - chargingState: oldVal: 2, new Val: 2
2021-04-30 13:04:10,914 - chargeApp - DEBUG - chargingState: oldVal: 2, new Val: 2
2021-04-30 13:04:10,914 - chargeApp - DEBUG - chargingState: oldVal: 2, new Val: 2
2021-04-30 13:04:26,975 - chargeApp - DEBUG - chargingState: oldVal: 2, new Val: 2
2021-04-30 13:04:26,975 - chargeApp - DEBUG - chargingState: oldVal: 2, new Val: 2
2021-04-30 13:04:26,975 - chargeApp - DEBUG - chargingState: oldVal: 2, new Val: 2
2021-04-30 13:04:26,975 - chargeApp - DEBUG - chargingState: oldVal: 2, new Val: 2
2021-04-30 13:04:26,975 - chargeApp - DEBUG - chargingState: oldVal: 2, new Val: 2
2021-04-30 13:04:26,975 - chargeApp - DEBUG - chargingState: oldVal: 2, new Val: 2
2021-04-30 13:04:26,975 - chargeApp - DEBUG - chargingState: oldVal: 2, new Val: 2
2021-04-30 13:04:26,975 - chargeApp - DEBUG - chargingState: oldVal: 2, new Val: 2
2021-04-30 13:04:26,975 - chargeApp - DEBUG - chargingState: oldVal: 2, new Val: 2
2021-04-30 13:04:26,975 - chargeApp - DEBUG - chargingState: oldVal: 2, new Val: 2
2021-04-30 13:04:26,975 - chargeApp - DEBUG - chargingState: oldVal: 2, new Val: 2
2021-04-30 13:04:26,975 - chargeApp - DEBUG - chargingState: oldVal: 2, new Val: 2
2021-04-30 13:04:44,944 - chargeApp - DEBUG - chargingState: oldVal: 2, new Val: 5
2021-04-30 13:04:44,944 - chargeApp - DEBUG - chargingState: oldVal: 2, new Val: 5
2021-04-30 13:04:44,944 - chargeApp - DEBUG - chargingState: oldVal: 2, new Val: 5
2021-04-30 13:04:44,944 - chargeApp - DEBUG - chargingState: oldVal: 2, new Val: 5
2021-04-30 13:04:44,944 - chargeApp - DEBUG - chargingState: oldVal: 2, new Val: 5
2021-04-30 13:04:44,944 - chargeApp - DEBUG - chargingState: oldVal: 2, new Val: 5
2021-04-30 13:04:44,944 - chargeApp - DEBUG - chargingState: oldVal: 2, new Val: 5
2021-04-30 13:04:44,944 - chargeApp - DEBUG - chargingState: oldVal: 2, new Val: 5
2021-04-30 13:04:44,944 - chargeApp - DEBUG - chargingState: oldVal: 2, new Val: 5
2021-04-30 13:04:44,944 - chargeApp - DEBUG - chargingState: oldVal: 2, new Val: 5
2021-04-30 13:04:44,944 - chargeApp - DEBUG - chargingState: oldVal: 2, new Val: 5
2021-04-30 13:04:44,944 - chargeApp - DEBUG - chargingState: oldVal: 2, new Val: 5
2021-04-30 13:04:44,944 - chargeApp - DEBUG - chargingState: oldVal: 2, new Val: 5
